TN:
SF:/Users/julian/projects/physna/pcli2/src/actions/assets.rs
FN:9,list_assets
FN:33,print_asset
FN:61,create_asset
FN:122,create_asset_batch
FN:173,create_asset_metadata_batch
FN:278,update_asset_metadata
FN:330,print_asset_metadata
FN:374,delete_asset
FN:414,download_asset
FN:458,geometric_match_asset
FN:581,part_match_asset
FN:716,geometric_match_folder
FN:1168,part_match_folder
FN:1632,visual_match_asset
FN:1859,visual_match_folder
FN:2328,delete_asset_metadata
FN:2374,metadata_inference
FNF:17
FNDA:0,list_assets
FNDA:8,print_asset
FNDA:0,create_asset
FNDA:0,create_asset_batch
FNDA:0,create_asset_metadata_batch
FNDA:0,update_asset_metadata
FNDA:0,print_asset_metadata
FNDA:0,delete_asset
FNDA:0,download_asset
FNDA:0,geometric_match_asset
FNDA:0,part_match_asset
FNDA:0,geometric_match_folder
FNDA:0,part_match_folder
FNDA:0,visual_match_asset
FNDA:0,visual_match_folder
FNDA:0,delete_asset_metadata
FNDA:0,metadata_inference
DA:9,0
DA:10,0
DA:12,0
DA:13,0
DA:14,0
DA:15,0
DA:18,0
DA:19,0
DA:21,0
DA:22,0
DA:24,0
DA:26,0
DA:30,0
DA:33,8
DA:34,4
DA:36,8
DA:37,8
DA:38,20
DA:39,12
DA:41,16
DA:42,16
DA:45,8
DA:46,16
DA:47,16
DA:48,0
DA:50,0
DA:53,0
DA:56,0
DA:58,0
DA:61,0
DA:63,0
DA:65,0
DA:66,0
DA:67,0
DA:69,0
DA:70,0
DA:71,0
DA:74,0
DA:75,0
DA:76,0
DA:77,0
DA:80,0
DA:84,0
DA:85,0
DA:86,0
DA:87,0
DA:88,0
DA:91,0
DA:94,0
DA:96,0
DA:98,0
DA:103,0
DA:104,0
DA:105,0
DA:106,0
DA:108,0
DA:111,0
DA:114,0
DA:116,0
DA:117,0
DA:119,0
DA:122,0
DA:124,0
DA:126,0
DA:127,0
DA:129,0
DA:130,0
DA:131,0
DA:132,0
DA:134,0
DA:135,0
DA:136,0
DA:138,0
DA:139,0
DA:140,0
DA:143,0
DA:144,0
DA:145,0
DA:146,0
DA:149,0
DA:153,0
DA:154,0
DA:155,0
DA:156,0
DA:157,0
DA:160,0
DA:161,0
DA:163,0
DA:173,0
DA:174,0
DA:176,0
DA:177,0
DA:179,0
DA:181,0
DA:182,0
DA:183,0
DA:186,0
DA:187,0
DA:188,0
DA:191,0
DA:193,0
DA:194,0
DA:196,0
DA:197,0
DA:198,0
DA:199,0
DA:203,0
DA:204,0
DA:209,0
DA:210,0
DA:211,0
DA:212,0
DA:217,0
DA:218,0
DA:220,0
DA:221,0
DA:222,0
DA:223,0
DA:227,0
DA:228,0
DA:230,0
DA:232,0
DA:233,0
DA:234,0
DA:235,0
DA:236,0
DA:237,0
DA:242,0
DA:244,0
DA:245,0
DA:246,0
DA:247,0
DA:248,0
DA:249,0
DA:250,0
DA:257,0
DA:258,0
DA:262,0
DA:278,0
DA:280,0
DA:282,0
DA:283,0
DA:284,0
DA:286,0
DA:287,0
DA:290,0
DA:291,0
DA:292,0
DA:293,0
DA:294,0
DA:295,0
DA:300,0
DA:301,0
DA:302,0
DA:307,0
DA:308,0
DA:309,0
DA:312,0
DA:313,0
DA:314,0
DA:316,0
DA:319,0
DA:323,0
DA:327,0
DA:330,0
DA:332,0
DA:333,0
DA:334,0
DA:335,0
DA:337,0
DA:338,0
DA:341,0
DA:342,0
DA:343,0
DA:344,0
DA:346,0
DA:349,0
DA:352,0
DA:353,0
DA:354,0
DA:357,0
DA:374,0
DA:375,0
DA:377,0
DA:378,0
DA:379,0
DA:381,0
DA:382,0
DA:385,0
DA:386,0
DA:387,0
DA:389,0
DA:392,0
DA:396,0
DA:398,0
DA:414,0
DA:415,0
DA:417,0
DA:418,0
DA:419,0
DA:421,0
DA:422,0
DA:425,0
DA:426,0
DA:427,0
DA:429,0
DA:432,0
DA:436,0
DA:437,0
DA:440,0
DA:441,0
DA:442,0
DA:443,0
DA:447,0
DA:448,0
DA:449,0
DA:453,0
DA:455,0
DA:458,0
DA:459,0
DA:461,0
DA:462,0
DA:463,0
DA:465,0
DA:466,0
DA:469,0
DA:474,0
DA:476,0
DA:477,0
DA:478,0
DA:486,0
DA:487,0
DA:490,0
DA:491,0
DA:492,0
DA:494,0
DA:497,0
DA:501,0
DA:504,0
DA:505,0
DA:506,0
DA:507,0
DA:510,0
DA:513,0
DA:514,0
DA:515,0
DA:516,0
DA:520,0
DA:527,0
DA:531,0
DA:538,0
DA:542,0
DA:544,0
DA:545,0
DA:546,0
DA:547,0
DA:550,0
DA:552,0
DA:556,0
DA:557,0
DA:558,0
DA:560,0
DA:561,0
DA:562,0
DA:563,0
DA:573,0
DA:576,0
DA:578,0
DA:581,0
DA:582,0
DA:584,0
DA:585,0
DA:586,0
DA:588,0
DA:589,0
DA:592,0
DA:597,0
DA:598,0
DA:601,0
DA:602,0
DA:604,0
DA:608,0
DA:609,0
DA:610,0
DA:618,0
DA:619,0
DA:622,0
DA:623,0
DA:624,0
DA:626,0
DA:629,0
DA:633,0
DA:636,0
DA:637,0
DA:638,0
DA:639,0
DA:642,0
DA:645,0
DA:646,0
DA:647,0
DA:648,0
DA:652,0
DA:656,0
DA:657,0
DA:660,0
DA:664,0
DA:668,0
DA:669,0
DA:672,0
DA:676,0
DA:678,0
DA:679,0
DA:680,0
DA:681,0
DA:684,0
DA:686,0
DA:690,0
DA:691,0
DA:692,0
DA:694,0
DA:695,0
DA:696,0
DA:697,0
DA:707,0
DA:711,0
DA:713,0
DA:716,0
DA:717,0
DA:719,0
DA:720,0
DA:721,0
DA:724,0
DA:725,0
DA:726,0
DA:727,0
DA:731,0
DA:736,0
DA:738,0
DA:739,0
DA:740,0
DA:748,0
DA:749,0
DA:752,0
DA:755,0
DA:756,0
DA:757,0
DA:758,0
DA:759,0
DA:761,0
DA:763,0
DA:766,0
DA:769,0
DA:771,0
DA:772,0
DA:773,0
DA:775,0
DA:776,0
DA:780,0
DA:782,0
DA:784,0
DA:785,0
DA:786,0
DA:787,0
DA:788,0
DA:791,0
DA:795,0
DA:796,0
DA:799,0
DA:800,0
DA:801,0
DA:802,0
DA:803,0
DA:804,0
DA:806,0
DA:808,0
DA:812,0
DA:815,0
DA:818,0
DA:822,0
DA:823,0
DA:824,0
DA:825,0
DA:826,0
DA:827,0
DA:828,0
DA:829,0
DA:830,0
DA:831,0
DA:833,0
DA:834,0
DA:837,0
DA:838,0
DA:839,0
DA:840,0
DA:841,0
DA:842,0
DA:844,0
DA:846,0
DA:850,0
DA:851,0
DA:854,0
DA:855,0
DA:857,0
DA:858,0
DA:861,0
DA:863,0
DA:865,0
DA:866,0
DA:870,0
DA:871,0
DA:872,0
DA:873,0
DA:876,0
DA:879,0
DA:880,0
DA:881,0
DA:882,0
DA:892,0
DA:893,0
DA:903,0
DA:906,0
DA:907,0
DA:910,0
DA:911,0
DA:915,0
DA:917,0
DA:918,0
DA:919,0
DA:920,0
DA:923,0
DA:925,0
DA:928,0
DA:929,0
DA:930,0
DA:931,0
DA:932,0
DA:933,0
DA:934,0
DA:935,0
DA:936,0
DA:937,0
DA:938,0
DA:939,0
DA:940,0
DA:943,0
DA:944,0
DA:945,0
DA:948,0
DA:952,0
DA:953,0
DA:956,0
DA:958,0
DA:959,0
DA:960,0
DA:961,0
DA:963,0
DA:968,0
DA:969,0
DA:972,0
DA:975,0
DA:979,0
DA:980,0
DA:981,0
DA:982,0
DA:984,0
DA:987,0
DA:988,0
DA:990,0
DA:993,0
DA:995,0
DA:996,0
DA:997,0
DA:1002,0
DA:1004,0
DA:1005,0
DA:1006,0
DA:1007,0
DA:1008,0
DA:1012,0
DA:1014,0
DA:1015,0
DA:1016,0
DA:1017,0
DA:1018,0
DA:1024,0
DA:1025,0
DA:1029,0
DA:1030,0
DA:1034,0
DA:1037,0
DA:1038,0
DA:1039,0
DA:1040,0
DA:1041,0
DA:1042,0
DA:1046,0
DA:1050,0
DA:1051,0
DA:1052,0
DA:1053,0
DA:1054,0
DA:1055,0
DA:1061,0
DA:1065,0
DA:1066,0
DA:1068,0
DA:1069,0
DA:1070,0
DA:1071,0
DA:1073,0
DA:1074,0
DA:1079,0
DA:1080,0
DA:1081,0
DA:1084,0
DA:1086,0
DA:1088,0
DA:1090,0
DA:1091,0
DA:1092,0
DA:1096,0
DA:1097,0
DA:1101,0
DA:1102,0
DA:1103,0
DA:1104,0
DA:1105,0
DA:1106,0
DA:1107,0
DA:1108,0
DA:1111,0
DA:1113,0
DA:1115,0
DA:1116,0
DA:1117,0
DA:1119,0
DA:1122,0
DA:1123,0
DA:1124,0
DA:1126,0
DA:1130,0
DA:1131,0
DA:1135,0
DA:1136,0
DA:1137,0
DA:1138,0
DA:1141,0
DA:1142,0
DA:1143,0
DA:1144,0
DA:1148,0
DA:1152,0
DA:1153,0
DA:1154,0
DA:1155,0
DA:1156,0
DA:1157,0
DA:1161,0
DA:1165,0
DA:1168,0
DA:1169,0
DA:1171,0
DA:1172,0
DA:1173,0
DA:1176,0
DA:1177,0
DA:1178,0
DA:1183,0
DA:1188,0
DA:1189,0
DA:1192,0
DA:1193,0
DA:1195,0
DA:1199,0
DA:1200,0
DA:1201,0
DA:1209,0
DA:1210,0
DA:1213,0
DA:1216,0
DA:1217,0
DA:1218,0
DA:1219,0
DA:1220,0
DA:1222,0
DA:1224,0
DA:1227,0
DA:1230,0
DA:1232,0
DA:1233,0
DA:1234,0
DA:1236,0
DA:1237,0
DA:1241,0
DA:1243,0
DA:1245,0
DA:1246,0
DA:1247,0
DA:1248,0
DA:1249,0
DA:1252,0
DA:1256,0
DA:1257,0
DA:1260,0
DA:1261,0
DA:1262,0
DA:1263,0
DA:1264,0
DA:1265,0
DA:1267,0
DA:1269,0
DA:1273,0
DA:1276,0
DA:1279,0
DA:1283,0
DA:1284,0
DA:1285,0
DA:1286,0
DA:1287,0
DA:1288,0
DA:1289,0
DA:1290,0
DA:1291,0
DA:1292,0
DA:1294,0
DA:1295,0
DA:1298,0
DA:1299,0
DA:1300,0
DA:1301,0
DA:1302,0
DA:1303,0
DA:1305,0
DA:1307,0
DA:1311,0
DA:1312,0
DA:1315,0
DA:1316,0
DA:1318,0
DA:1319,0
DA:1322,0
DA:1324,0
DA:1326,0
DA:1327,0
DA:1331,0
DA:1332,0
DA:1333,0
DA:1334,0
DA:1337,0
DA:1340,0
DA:1341,0
DA:1342,0
DA:1343,0
DA:1350,0
DA:1351,0
DA:1354,0
DA:1355,0
DA:1362,0
DA:1363,0
DA:1366,0
DA:1369,0
DA:1370,0
DA:1373,0
DA:1374,0
DA:1378,0
DA:1380,0
DA:1381,0
DA:1382,0
DA:1383,0
DA:1386,0
DA:1388,0
DA:1391,0
DA:1392,0
DA:1393,0
DA:1394,0
DA:1395,0
DA:1396,0
DA:1397,0
DA:1398,0
DA:1399,0
DA:1400,0
DA:1401,0
DA:1402,0
DA:1403,0
DA:1406,0
DA:1407,0
DA:1408,0
DA:1411,0
DA:1415,0
DA:1416,0
DA:1419,0
DA:1421,0
DA:1422,0
DA:1423,0
DA:1424,0
DA:1426,0
DA:1431,0
DA:1432,0
DA:1435,0
DA:1438,0
DA:1442,0
DA:1443,0
DA:1444,0
DA:1445,0
DA:1447,0
DA:1450,0
DA:1451,0
DA:1453,0
DA:1456,0
DA:1458,0
DA:1459,0
DA:1460,0
DA:1465,0
DA:1467,0
DA:1468,0
DA:1469,0
DA:1470,0
DA:1471,0
DA:1475,0
DA:1477,0
DA:1478,0
DA:1479,0
DA:1480,0
DA:1481,0
DA:1487,0
DA:1488,0
DA:1492,0
DA:1493,0
DA:1497,0
DA:1500,0
DA:1501,0
DA:1502,0
DA:1503,0
DA:1504,0
DA:1505,0
DA:1509,0
DA:1513,0
DA:1514,0
DA:1515,0
DA:1516,0
DA:1517,0
DA:1518,0
DA:1524,0
DA:1528,0
DA:1529,0
DA:1531,0
DA:1532,0
DA:1533,0
DA:1534,0
DA:1536,0
DA:1537,0
DA:1542,0
DA:1543,0
DA:1544,0
DA:1547,0
DA:1549,0
DA:1551,0
DA:1553,0
DA:1554,0
DA:1555,0
DA:1559,0
DA:1560,0
DA:1564,0
DA:1565,0
DA:1566,0
DA:1567,0
DA:1568,0
DA:1569,0
DA:1570,0
DA:1571,0
DA:1572,0
DA:1575,0
DA:1577,0
DA:1579,0
DA:1580,0
DA:1581,0
DA:1583,0
DA:1586,0
DA:1587,0
DA:1588,0
DA:1590,0
DA:1594,0
DA:1595,0
DA:1599,0
DA:1600,0
DA:1601,0
DA:1602,0
DA:1605,0
DA:1606,0
DA:1607,0
DA:1608,0
DA:1612,0
DA:1616,0
DA:1617,0
DA:1618,0
DA:1619,0
DA:1620,0
DA:1621,0
DA:1625,0
DA:1629,0
DA:1632,0
DA:1633,0
DA:1635,0
DA:1636,0
DA:1637,0
DA:1639,0
DA:1640,0
DA:1643,0
DA:1644,0
DA:1647,0
DA:1648,0
DA:1650,0
DA:1654,0
DA:1655,0
DA:1656,0
DA:1664,0
DA:1665,0
DA:1668,0
DA:1669,0
DA:1670,0
DA:1672,0
DA:1675,0
DA:1679,0
DA:1682,0
DA:1683,0
DA:1684,0
DA:1685,0
DA:1688,0
DA:1691,0
DA:1692,0
DA:1693,0
DA:1694,0
DA:1698,0
DA:1704,0
DA:1708,0
DA:1714,0
DA:1718,0
DA:1720,0
DA:1721,0
DA:1722,0
DA:1723,0
DA:1726,0
DA:1728,0
DA:1732,0
DA:1733,0
DA:1734,0
DA:1736,0
DA:1737,0
DA:1738,0
DA:1739,0
DA:1748,0
DA:1750,0
DA:1751,0
DA:1752,0
DA:1753,0
DA:1758,0
DA:1760,0
DA:1763,0
DA:1766,0
DA:1767,0
DA:1769,0
DA:1770,0
DA:1771,0
DA:1772,0
DA:1774,0
DA:1775,0
DA:1780,0
DA:1781,0
DA:1782,0
DA:1785,0
DA:1787,0
DA:1789,0
DA:1791,0
DA:1792,0
DA:1793,0
DA:1797,0
DA:1798,0
DA:1802,0
DA:1803,0
DA:1804,0
DA:1805,0
DA:1806,0
DA:1807,0
DA:1808,0
DA:1811,0
DA:1813,0
DA:1815,0
DA:1816,0
DA:1817,0
DA:1819,0
DA:1822,0
DA:1823,0
DA:1824,0
DA:1826,0
DA:1830,0
DA:1831,0
DA:1835,0
DA:1836,0
DA:1837,0
DA:1838,0
DA:1841,0
DA:1842,0
DA:1843,0
DA:1844,0
DA:1848,0
DA:1852,0
DA:1856,0
DA:1859,0
DA:1860,0
DA:1862,0
DA:1863,0
DA:1864,0
DA:1867,0
DA:1868,0
DA:1869,0
DA:1874,0
DA:1875,0
DA:1878,0
DA:1879,0
DA:1881,0
DA:1885,0
DA:1886,0
DA:1887,0
DA:1895,0
DA:1896,0
DA:1899,0
DA:1902,0
DA:1903,0
DA:1904,0
DA:1905,0
DA:1906,0
DA:1908,0
DA:1910,0
DA:1913,0
DA:1916,0
DA:1918,0
DA:1919,0
DA:1920,0
DA:1922,0
DA:1923,0
DA:1927,0
DA:1929,0
DA:1931,0
DA:1932,0
DA:1933,0
DA:1934,0
DA:1935,0
DA:1938,0
DA:1942,0
DA:1943,0
DA:1946,0
DA:1947,0
DA:1948,0
DA:1949,0
DA:1950,0
DA:1951,0
DA:1953,0
DA:1955,0
DA:1959,0
DA:1962,0
DA:1965,0
DA:1969,0
DA:1970,0
DA:1971,0
DA:1972,0
DA:1973,0
DA:1974,0
DA:1975,0
DA:1976,0
DA:1977,0
DA:1978,0
DA:1980,0
DA:1981,0
DA:1984,0
DA:1985,0
DA:1986,0
DA:1987,0
DA:1988,0
DA:1989,0
DA:1991,0
DA:1993,0
DA:1997,0
DA:1998,0
DA:2001,0
DA:2002,0
DA:2004,0
DA:2005,0
DA:2008,0
DA:2010,0
DA:2012,0
DA:2013,0
DA:2017,0
DA:2018,0
DA:2019,0
DA:2020,0
DA:2023,0
DA:2026,0
DA:2027,0
DA:2028,0
DA:2029,0
DA:2038,0
DA:2039,0
DA:2048,0
DA:2051,0
DA:2052,0
DA:2055,0
DA:2056,0
DA:2060,0
DA:2062,0
DA:2063,0
DA:2064,0
DA:2065,0
DA:2068,0
DA:2070,0
DA:2073,0
DA:2074,0
DA:2075,0
DA:2076,0
DA:2077,0
DA:2078,0
DA:2079,0
DA:2080,0
DA:2081,0
DA:2082,0
DA:2083,0
DA:2084,0
DA:2085,0
DA:2088,0
DA:2089,0
DA:2090,0
DA:2093,0
DA:2097,0
DA:2098,0
DA:2101,0
DA:2103,0
DA:2104,0
DA:2105,0
DA:2106,0
DA:2108,0
DA:2113,0
DA:2114,0
DA:2117,0
DA:2120,0
DA:2124,0
DA:2125,0
DA:2126,0
DA:2127,0
DA:2129,0
DA:2132,0
DA:2133,0
DA:2135,0
DA:2138,0
DA:2140,0
DA:2141,0
DA:2142,0
DA:2147,0
DA:2149,0
DA:2150,0
DA:2151,0
DA:2152,0
DA:2153,0
DA:2157,0
DA:2159,0
DA:2160,0
DA:2161,0
DA:2162,0
DA:2163,0
DA:2169,0
DA:2170,0
DA:2174,0
DA:2175,0
DA:2179,0
DA:2182,0
DA:2183,0
DA:2184,0
DA:2185,0
DA:2186,0
DA:2187,0
DA:2188,0
DA:2192,0
DA:2196,0
DA:2197,0
DA:2198,0
DA:2199,0
DA:2200,0
DA:2201,0
DA:2202,0
DA:2208,0
DA:2212,0
DA:2213,0
DA:2215,0
DA:2216,0
DA:2217,0
DA:2218,0
DA:2220,0
DA:2221,0
DA:2226,0
DA:2227,0
DA:2228,0
DA:2231,0
DA:2233,0
DA:2235,0
DA:2237,0
DA:2238,0
DA:2239,0
DA:2243,0
DA:2244,0
DA:2248,0
DA:2249,0
DA:2250,0
DA:2251,0
DA:2252,0
DA:2253,0
DA:2254,0
DA:2257,0
DA:2259,0
DA:2261,0
DA:2262,0
DA:2263,0
DA:2265,0
DA:2268,0
DA:2269,0
DA:2270,0
DA:2272,0
DA:2276,0
DA:2277,0
DA:2281,0
DA:2282,0
DA:2283,0
DA:2284,0
DA:2287,0
DA:2288,0
DA:2289,0
DA:2290,0
DA:2294,0
DA:2298,0
DA:2299,0
DA:2300,0
DA:2301,0
DA:2302,0
DA:2303,0
DA:2304,0
DA:2308,0
DA:2312,0
DA:2328,0
DA:2330,0
DA:2332,0
DA:2333,0
DA:2334,0
DA:2336,0
DA:2337,0
DA:2340,0
DA:2341,0
DA:2342,0
DA:2346,0
DA:2347,0
DA:2348,0
DA:2350,0
DA:2353,0
DA:2357,0
DA:2358,0
DA:2360,0
DA:2374,0
DA:2375,0
DA:2377,0
DA:2378,0
DA:2379,0
DA:2382,0
DA:2383,0
DA:2386,0
DA:2388,0
DA:2389,0
DA:2393,0
DA:2398,0
DA:2401,0
DA:2402,0
DA:2405,0
DA:2406,0
DA:2414,0
DA:2415,0
DA:2418,0
DA:2421,0
DA:2422,0
DA:2423,0
DA:2424,0
DA:2425,0
DA:2426,0
DA:2432,0
DA:2433,0
DA:2434,0
DA:2439,0
DA:2441,0
DA:2444,0
DA:2445,0
DA:2446,0
DA:2447,0
DA:2449,0
DA:2452,0
DA:2456,0
DA:2458,0
DA:2459,0
DA:2460,0
DA:2461,0
DA:2462,0
DA:2463,0
DA:2465,0
DA:2470,0
DA:2471,0
DA:2476,0
DA:2478,0
DA:2479,0
DA:2480,0
DA:2481,0
DA:2487,0
DA:2488,0
DA:2491,0
DA:2496,0
DA:2497,0
DA:2498,0
DA:2499,0
DA:2500,0
DA:2501,0
DA:2502,0
DA:2505,0
DA:2506,0
DA:2507,0
DA:2508,0
DA:2510,0
DA:2513,0
DA:2515,0
DA:2517,0
DA:2518,0
DA:2519,0
DA:2523,0
DA:2524,0
DA:2525,0
DA:2526,0
DA:2527,0
DA:2528,0
DA:2529,0
DA:2530,0
DA:2532,0
DA:2537,0
DA:2538,0
DA:2539,0
DA:2540,0
DA:2543,0
DA:2544,0
DA:2545,0
DA:2546,0
DA:2549,0
DA:2553,0
DA:2554,0
DA:2556,0
DA:2561,0
LF:1255
LH:11
end_of_record
TN:
SF:/Users/julian/projects/physna/pcli2/src/actions/folders.rs
FN:7,resolve_folder_uuid_by_path
FN:16,list_folders
FN:57,print_folder_details
FN:93,create_folder
FN:124,delete_folder
FN:161,delete_folder_contents
FNF:6
FNDA:0,resolve_folder_uuid_by_path
FNDA:0,list_folders
FNDA:0,print_folder_details
FNDA:0,create_folder
FNDA:0,delete_folder
FNDA:0,delete_folder_contents
DA:7,0
DA:8,0
DA:9,0
DA:10,0
DA:12,0
DA:16,0
DA:18,0
DA:20,0
DA:21,0
DA:22,0
DA:23,0
DA:24,0
DA:25,0
DA:26,0
DA:29,0
DA:33,0
DA:35,0
DA:36,0
DA:38,0
DA:40,0
DA:44,0
DA:45,0
DA:47,0
DA:50,0
DA:54,0
DA:57,0
DA:59,0
DA:60,0
DA:61,0
DA:63,0
DA:64,0
DA:65,0
DA:68,0
DA:69,0
DA:73,0
DA:74,0
DA:75,0
DA:76,0
DA:79,0
DA:82,0
DA:83,0
DA:84,0
DA:85,0
DA:86,0
DA:88,0
DA:90,0
DA:93,0
DA:95,0
DA:96,0
DA:98,0
DA:99,0
DA:102,0
DA:103,0
DA:106,0
DA:107,0
DA:108,0
DA:111,0
DA:112,0
DA:113,0
DA:114,0
DA:116,0
DA:119,0
DA:121,0
DA:124,0
DA:126,0
DA:127,0
DA:128,0
DA:131,0
DA:132,0
DA:135,0
DA:136,0
DA:137,0
DA:140,0
DA:141,0
DA:142,0
DA:143,0
DA:145,0
DA:148,0
DA:150,0
DA:153,0
DA:155,0
DA:161,0
DA:163,0
DA:164,0
DA:165,0
DA:167,0
DA:168,0
DA:171,0
DA:172,0
DA:173,0
DA:178,0
DA:180,0
DA:181,0
DA:182,0
DA:188,0
DA:189,0
DA:192,0
LF:97
LH:0
end_of_record
TN:
SF:/Users/julian/projects/physna/pcli2/src/actions/tenants.rs
FN:21,ContextInfo::from_configuration
FN:54,<impl Formattable for ContextInfo>::format
FN:98,list_all_tenants
FN:135,print_active_tenant_name
FN:159,set_active_tenant
FN:240,get_tenant_details
FN:297,print_active_tenant_name_with_format
FN:360,clear_active_tenant
FN:382,print_current_context
FNF:9
FNDA:0,ContextInfo::from_configuration
FNDA:0,<impl Formattable for ContextInfo>::format
FNDA:0,list_all_tenants
FNDA:0,print_active_tenant_name
FNDA:0,set_active_tenant
FNDA:0,get_tenant_details
FNDA:0,print_active_tenant_name_with_format
FNDA:0,clear_active_tenant
FNDA:0,print_current_context
DA:21,0
DA:22,0
DA:23,0
DA:24,0
DA:25,0
DA:27,0
DA:28,0
DA:29,0
DA:30,0
DA:31,0
DA:32,0
DA:36,0
DA:37,0
DA:38,0
DA:39,0
DA:44,0
DA:45,0
DA:46,0
DA:47,0
DA:54,0
DA:55,0
DA:56,0
DA:57,0
DA:58,0
DA:60,0
DA:63,0
DA:65,0
DA:67,0
DA:68,0
DA:71,0
DA:72,0
DA:73,0
DA:74,0
DA:77,0
DA:78,0
DA:82,0
DA:83,0
DA:84,0
DA:86,0
DA:89,0
DA:91,0
DA:98,0
DA:101,0
DA:103,0
DA:105,0
DA:106,0
DA:115,0
DA:116,0
DA:118,0
DA:120,0
DA:121,0
DA:123,0
DA:125,0
DA:126,0
DA:128,0
DA:129,0
DA:130,0
DA:135,0
DA:136,0
DA:138,0
DA:140,0
DA:141,0
DA:142,0
DA:143,0
DA:144,0
DA:145,0
DA:146,0
DA:148,0
DA:149,0
DA:153,0
DA:156,0
DA:159,0
DA:161,0
DA:162,0
DA:163,0
DA:166,0
DA:167,0
DA:170,0
DA:172,0
DA:175,0
DA:177,0
DA:178,0
DA:179,0
DA:180,0
DA:181,0
DA:184,0
DA:188,0
DA:189,0
DA:193,0
DA:197,0
DA:198,0
DA:199,0
DA:200,0
DA:202,0
DA:206,0
DA:207,0
DA:208,0
DA:209,0
DA:210,0
DA:213,0
DA:219,0
DA:220,0
DA:221,0
DA:222,0
DA:225,0
DA:228,0
DA:229,0
DA:230,0
DA:231,0
DA:232,0
DA:237,0
DA:240,0
DA:241,0
DA:242,0
DA:244,0
DA:247,0
DA:250,0
DA:251,0
DA:252,0
DA:253,0
DA:255,0
DA:258,0
DA:259,0
DA:261,0
DA:264,0
DA:266,0
DA:268,0
DA:269,0
DA:278,0
DA:279,0
DA:281,0
DA:284,0
DA:285,0
DA:286,0
DA:287,0
DA:290,0
DA:294,0
DA:297,0
DA:298,0
DA:301,0
DA:302,0
DA:304,0
DA:306,0
DA:308,0
DA:309,0
DA:317,0
DA:318,0
DA:320,0
DA:322,0
DA:323,0
DA:324,0
DA:325,0
DA:327,0
DA:328,0
DA:331,0
DA:332,0
DA:333,0
DA:335,0
DA:341,0
DA:342,0
DA:344,0
DA:350,0
DA:351,0
DA:352,0
DA:354,0
DA:357,0
DA:360,0
DA:362,0
DA:363,0
DA:364,0
DA:366,0
DA:368,0
DA:370,0
DA:371,0
DA:372,0
DA:373,0
DA:374,0
DA:377,0
DA:382,0
DA:383,0
DA:385,0
DA:386,0
DA:387,0
DA:389,0
DA:391,0
LF:185
LH:0
end_of_record
TN:
SF:/Users/julian/projects/physna/pcli2/src/auth.rs
FN:34,AuthClient::new
FN:42,AuthClient::new_with_configuration
FN:50,AuthClient::get_access_token
FNF:3
FNDA:0,AuthClient::new
FNDA:0,AuthClient::new_with_configuration
FNDA:0,AuthClient::get_access_token
DA:34,0
DA:36,0
DA:42,0
DA:44,0
DA:50,0
DA:51,0
DA:54,0
DA:55,0
DA:59,0
DA:60,0
DA:63,0
DA:64,0
DA:66,0
DA:67,0
DA:69,0
DA:71,0
DA:73,0
DA:74,0
DA:75,0
DA:76,0
DA:77,0
DA:79,0
DA:82,0
DA:84,0
DA:85,0
DA:86,0
DA:89,0
DA:92,0
DA:93,0
DA:95,0
DA:96,0
DA:98,0
DA:99,0
DA:100,0
DA:102,0
DA:103,0
DA:105,0
DA:106,0
DA:108,0
DA:109,0
DA:111,0
DA:114,0
DA:117,0
DA:120,0
LF:44
LH:0
end_of_record
TN:
SF:/Users/julian/projects/physna/pcli2/src/banner.rs
FN:4,print_banner
FN:24,has_help_flag
FNF:2
FNDA:6,print_banner
FNDA:11,has_help_flag
DA:4,6
DA:5,6
DA:6,6
DA:7,6
DA:8,6
DA:11,6
DA:12,6
DA:13,6
DA:14,6
DA:15,6
DA:16,6
DA:17,6
DA:18,6
DA:19,6
DA:20,6
DA:24,11
DA:25,83
DA:26,171
DA:27,6
DA:30,5
LF:20
LH:20
end_of_record
TN:
SF:/Users/julian/projects/physna/pcli2/src/cache.rs
FN:17,<impl Display for CacheError>::fmt
FN:28,<impl Error for CacheError>::source
FN:51,<impl From for CacheError>::from
FN:68,<impl Default for CacheConfig>::default
FN:88,BaseCache::new
FN:93,BaseCache::with_config
FN:102,BaseCache::get_cache_dir
FN:116,BaseCache::is_file_expired
FN:137,BaseCache::get_cache_file_path
FNF:9
FNDA:0,<impl Display for CacheError>::fmt
FNDA:0,<impl Error for CacheError>::source
FNDA:0,<impl From for CacheError>::from
FNDA:3,<impl Default for CacheConfig>::default
FNDA:1,BaseCache::new
FNDA:0,BaseCache::with_config
FNDA:0,BaseCache::get_cache_dir
FNDA:1,BaseCache::is_file_expired
FNDA:1,BaseCache::get_cache_file_path
DA:17,0
DA:18,0
DA:19,0
DA:20,0
DA:21,0
DA:22,0
DA:28,0
DA:29,0
DA:30,0
DA:31,0
DA:32,0
DA:33,0
DA:39,0
DA:40,0
DA:45,0
DA:46,0
DA:51,0
DA:52,0
DA:68,3
DA:70,6
DA:72,3
DA:88,1
DA:89,1
DA:93,0
DA:102,0
DA:104,0
DA:105,0
DA:106,0
DA:107,0
DA:109,0
DA:110,0
DA:116,1
DA:117,1
DA:118,1
DA:119,1
DA:120,1
DA:121,2
DA:122,2
DA:123,1
DA:124,2
DA:126,0
DA:129,0
DA:132,0
DA:137,1
DA:138,4
LF:45
LH:16
end_of_record
TN:
SF:/Users/julian/projects/physna/pcli2/src/cli.rs
FN:78,extract_subcommand_name
FN:87,execute_command
FNF:2
FNDA:0,extract_subcommand_name
FNDA:22,execute_command
DA:78,0
DA:79,0
DA:80,0
DA:81,0
DA:84,0
DA:87,22
DA:88,22
DA:90,11
DA:92,11
DA:94,4
DA:95,0
DA:97,0
DA:98,0
DA:99,0
DA:101,0
DA:102,0
DA:104,0
DA:105,0
DA:107,0
DA:108,0
DA:110,0
DA:111,0
DA:116,4
DA:117,0
DA:119,0
DA:120,0
DA:121,0
DA:123,0
DA:124,0
DA:126,0
DA:127,0
DA:129,0
DA:130,0
DA:132,0
DA:133,0
DA:135,0
DA:136,0
DA:138,0
DA:139,0
DA:141,0
DA:142,0
DA:144,0
DA:145,0
DA:150,8
DA:151,4
DA:153,4
DA:154,8
DA:155,4
DA:157,8
DA:158,0
DA:160,0
DA:161,0
DA:162,0
DA:164,0
DA:165,0
DA:167,0
DA:168,0
DA:169,0
DA:171,0
DA:172,0
DA:174,0
DA:175,0
DA:176,0
DA:178,0
DA:179,0
DA:181,0
DA:182,0
DA:183,0
DA:185,0
DA:186,0
DA:188,0
DA:189,0
DA:190,0
DA:192,0
DA:193,0
DA:195,0
DA:196,0
DA:197,0
DA:199,0
DA:200,0
DA:202,0
DA:203,0
DA:204,0
DA:206,0
DA:207,0
DA:209,0
DA:210,0
DA:211,0
DA:213,0
DA:214,0
DA:216,0
DA:217,0
DA:218,0
DA:220,0
DA:221,0
DA:223,0
DA:224,0
DA:225,0
DA:227,0
DA:228,0
DA:230,0
DA:231,0
DA:232,0
DA:234,0
DA:235,0
DA:237,0
DA:238,0
DA:240,0
DA:241,0
DA:242,0
DA:243,0
DA:245,0
DA:246,0
DA:248,0
DA:249,0
DA:250,0
DA:252,0
DA:253,0
DA:255,0
DA:256,0
DA:257,0
DA:259,0
DA:260,0
DA:262,0
DA:263,0
DA:264,0
DA:266,0
DA:267,0
DA:269,0
DA:270,0
DA:271,0
DA:273,0
DA:274,0
DA:276,0
DA:277,0
DA:281,0
DA:282,0
DA:287,0
DA:288,0
DA:289,0
DA:290,0
DA:292,0
DA:295,0
DA:299,0
DA:300,0
DA:301,0
DA:304,0
DA:305,0
DA:307,0
DA:313,0
DA:314,0
DA:317,0
DA:318,0
DA:320,0
DA:326,0
DA:329,0
DA:330,0
DA:332,0
DA:334,0
DA:335,0
DA:336,0
DA:337,0
DA:340,0
DA:343,0
DA:344,0
DA:346,0
DA:348,0
DA:349,0
DA:352,0
DA:353,0
DA:354,0
DA:355,0
DA:358,0
DA:361,0
DA:363,0
DA:364,0
DA:365,0
DA:366,0
DA:367,0
DA:370,0
DA:374,0
DA:375,0
DA:377,0
DA:379,0
DA:382,0
DA:383,0
DA:385,0
DA:387,0
DA:389,0
DA:390,0
DA:391,0
DA:392,0
DA:395,0
DA:399,0
DA:400,0
DA:403,0
DA:404,0
DA:406,0
DA:408,0
DA:410,0
DA:411,0
DA:420,0
DA:422,0
DA:424,0
DA:428,0
DA:429,0
DA:430,0
DA:442,0
DA:443,0
DA:444,0
DA:445,0
DA:447,0
DA:449,0
DA:450,0
DA:451,0
DA:454,0
DA:455,0
DA:457,0
DA:458,0
DA:459,0
DA:463,0
DA:464,0
DA:467,0
DA:468,0
DA:469,0
DA:471,0
DA:472,0
DA:473,0
DA:475,0
DA:477,0
DA:479,0
DA:482,0
DA:486,0
DA:487,0
DA:488,0
DA:489,0
DA:492,0
DA:494,0
DA:495,0
DA:496,0
DA:500,0
DA:501,0
DA:506,0
DA:507,0
DA:509,0
DA:510,0
DA:511,0
DA:513,0
DA:514,0
DA:515,0
DA:517,0
DA:519,0
DA:521,0
DA:522,0
DA:526,0
DA:527,0
DA:529,0
DA:530,0
DA:531,0
DA:532,0
DA:533,0
DA:537,0
DA:538,0
DA:539,0
DA:541,0
DA:542,0
DA:546,0
DA:547,0
DA:549,0
DA:550,0
DA:551,0
DA:552,0
DA:553,0
DA:555,0
DA:556,0
DA:560,0
DA:561,0
DA:566,0
DA:567,0
DA:568,0
DA:569,0
DA:570,0
DA:571,0
DA:572,0
DA:573,0
DA:574,0
DA:575,0
DA:576,0
DA:577,0
DA:578,0
DA:582,0
DA:584,0
DA:587,0
DA:588,0
DA:591,0
DA:594,0
DA:596,0
DA:597,0
DA:606,0
DA:608,0
DA:609,0
DA:610,0
DA:611,0
DA:612,0
DA:614,0
DA:619,0
DA:620,0
DA:621,0
DA:622,0
DA:623,0
DA:624,0
DA:625,0
DA:627,0
DA:628,0
DA:629,0
DA:630,0
DA:632,0
DA:633,0
DA:635,0
DA:636,0
DA:637,0
DA:638,0
DA:639,0
DA:641,0
DA:642,0
DA:644,0
DA:645,0
DA:646,0
DA:648,0
DA:651,0
DA:653,0
DA:655,0
DA:659,0
DA:660,0
DA:662,0
DA:663,0
DA:665,0
DA:666,0
DA:668,0
DA:670,0
DA:672,0
DA:674,0
DA:677,0
DA:679,0
DA:681,0
DA:682,0
DA:683,0
DA:684,0
DA:687,0
DA:691,0
DA:692,0
DA:693,0
DA:694,0
DA:696,0
DA:698,0
DA:699,0
DA:704,0
DA:708,0
DA:709,0
DA:711,0
DA:712,0
DA:716,0
DA:717,0
DA:718,0
DA:719,0
DA:722,0
DA:727,0
DA:729,0
DA:730,0
DA:732,0
DA:733,0
DA:735,0
DA:736,0
DA:738,0
DA:739,0
DA:741,0
DA:743,0
DA:744,0
DA:746,0
DA:747,0
DA:749,0
DA:750,0
DA:753,0
DA:755,0
DA:758,0
DA:759,0
DA:762,0
DA:766,0
DA:767,0
DA:776,0
DA:778,0
DA:779,0
DA:791,0
DA:793,0
DA:794,0
DA:795,0
DA:797,0
DA:800,0
DA:802,0
DA:803,0
DA:804,0
DA:805,0
DA:806,0
DA:807,0
DA:813,0
DA:814,0
DA:815,0
DA:816,0
DA:818,0
DA:820,0
DA:821,0
DA:822,0
DA:825,0
DA:826,0
DA:828,0
DA:829,0
DA:830,0
DA:834,0
DA:835,0
DA:836,0
DA:837,0
DA:838,0
DA:839,0
DA:840,0
DA:842,0
DA:846,0
DA:847,0
DA:848,0
DA:850,0
DA:851,0
DA:852,0
DA:854,0
DA:858,0
DA:859,0
DA:860,0
DA:861,0
DA:862,0
DA:863,0
DA:864,0
DA:868,0
DA:870,0
DA:871,0
DA:873,0
DA:875,0
DA:876,0
DA:878,0
DA:879,0
DA:881,0
DA:882,0
DA:885,0
DA:887,0
DA:890,0
DA:891,0
DA:894,0
DA:898,0
DA:899,0
DA:908,0
DA:910,0
DA:912,0
DA:914,0
DA:916,0
DA:919,0
DA:920,0
DA:923,0
DA:924,0
DA:925,0
DA:926,0
DA:929,0
DA:934,0
DA:945,0
DA:946,0
DA:948,0
DA:954,0
DA:955,0
DA:956,0
DA:960,0
DA:961,0
DA:962,0
DA:963,0
DA:965,0
DA:967,0
DA:968,0
DA:969,0
DA:972,0
DA:973,0
DA:975,0
DA:976,0
DA:977,0
DA:981,0
DA:982,0
DA:983,0
DA:984,0
DA:985,0
DA:986,0
DA:988,0
DA:991,0
DA:992,0
DA:993,0
DA:995,0
DA:996,0
DA:997,0
DA:999,0
DA:1003,0
DA:1004,0
DA:1005,0
DA:1006,0
DA:1012,0
DA:1013,0
DA:1014,0
DA:1015,0
DA:1016,0
DA:1021,0
DA:1023,0
DA:1024,0
DA:1028,0
DA:1029,0
DA:1033,7
LF:517
LH:13
end_of_record
TN:
SF:/Users/julian/projects/physna/pcli2/src/commands/assets.rs
FN:20,asset_command
FNF:1
FNDA:11,asset_command
DA:20,11
DA:21,11
DA:25,11
DA:26,11
DA:27,22
DA:28,22
DA:29,22
DA:30,22
DA:31,22
DA:32,22
DA:33,44
DA:34,22
DA:37,11
DA:38,11
DA:39,22
DA:40,22
DA:41,22
DA:42,22
DA:43,22
DA:44,22
DA:45,22
DA:46,22
DA:47,44
DA:50,11
DA:51,11
DA:52,22
DA:53,22
DA:54,22
DA:55,22
DA:56,22
DA:57,22
DA:58,22
DA:59,22
DA:60,44
DA:61,11
DA:62,11
DA:63,11
DA:64,11
DA:65,11
DA:66,11
DA:67,11
DA:68,22
DA:70,11
DA:71,11
DA:72,11
DA:73,22
DA:74,11
DA:75,11
DA:79,11
DA:80,11
DA:81,11
DA:82,22
DA:83,22
DA:84,22
DA:85,22
DA:88,11
DA:89,11
DA:90,11
DA:91,22
DA:92,22
DA:93,22
DA:94,22
DA:95,22
DA:96,44
DA:98,22
DA:100,11
DA:101,11
DA:102,22
DA:103,22
DA:104,22
DA:105,22
DA:106,22
DA:107,44
DA:108,22
DA:109,22
DA:112,11
DA:113,11
DA:114,22
DA:115,22
DA:116,22
DA:117,11
DA:118,11
DA:119,11
DA:120,11
DA:121,11
DA:122,22
DA:124,22
DA:127,11
DA:128,11
DA:129,22
DA:130,11
DA:131,11
DA:132,22
DA:133,11
DA:134,11
DA:135,22
DA:137,11
DA:138,11
DA:139,11
DA:140,11
DA:141,11
DA:142,22
DA:146,11
DA:147,11
DA:148,22
DA:149,22
DA:150,22
DA:151,11
DA:152,11
DA:153,11
DA:154,11
DA:155,11
DA:156,11
DA:157,11
DA:158,11
DA:159,22
DA:161,22
DA:162,22
DA:163,22
DA:164,44
DA:165,22
DA:168,11
DA:169,11
DA:170,22
DA:171,22
DA:172,22
DA:173,11
DA:174,11
DA:175,11
DA:176,11
DA:177,11
DA:178,11
DA:179,11
DA:180,11
DA:181,22
DA:183,22
DA:184,22
DA:185,22
DA:186,44
DA:187,22
DA:190,11
DA:191,11
DA:192,22
DA:193,11
DA:194,11
DA:195,11
DA:196,11
DA:197,22
DA:198,11
DA:199,11
DA:200,22
DA:202,11
DA:203,11
DA:204,11
DA:205,11
DA:206,11
DA:207,11
DA:208,11
DA:209,11
DA:210,22
DA:212,11
DA:213,11
DA:214,11
DA:215,22
DA:216,11
DA:217,11
DA:219,22
DA:220,22
DA:221,22
DA:222,44
DA:223,11
DA:224,11
DA:225,11
DA:226,11
DA:227,11
DA:228,11
DA:229,11
DA:230,22
DA:232,11
DA:233,11
DA:234,11
DA:235,22
DA:236,11
DA:237,11
DA:241,11
DA:242,11
DA:243,22
DA:244,11
DA:245,11
DA:246,11
DA:247,11
DA:248,22
DA:249,11
DA:250,11
DA:251,22
DA:253,11
DA:254,11
DA:255,11
DA:256,11
DA:257,11
DA:258,11
DA:259,11
DA:260,11
DA:261,22
DA:263,11
DA:264,11
DA:265,11
DA:266,22
DA:267,11
DA:268,11
DA:270,22
DA:271,22
DA:272,22
DA:273,44
DA:274,11
DA:275,11
DA:276,11
DA:277,11
DA:278,11
DA:279,11
DA:280,11
DA:281,22
DA:283,11
DA:284,11
DA:285,11
DA:286,22
DA:287,11
DA:288,11
DA:292,11
DA:293,11
DA:294,22
DA:295,22
DA:296,22
DA:297,22
DA:298,22
DA:299,22
DA:300,44
DA:301,22
DA:304,11
DA:305,11
DA:306,22
DA:307,11
DA:308,11
DA:309,11
DA:310,11
DA:311,22
DA:312,11
DA:313,11
DA:314,22
DA:316,11
DA:317,11
DA:318,11
DA:319,22
DA:320,11
DA:321,11
DA:323,22
DA:324,22
DA:325,22
DA:326,44
DA:327,11
DA:328,11
DA:329,11
DA:330,11
DA:331,11
DA:332,11
DA:333,11
DA:334,22
DA:336,11
DA:337,11
DA:338,11
DA:339,22
DA:340,11
DA:341,11
LF:273
LH:273
end_of_record
TN:
SF:/Users/julian/projects/physna/pcli2/src/commands/auth.rs
FN:13,auth_command
FNF:1
FNDA:11,auth_command
DA:13,11
DA:14,11
DA:18,11
DA:19,11
DA:20,22
DA:21,22
DA:24,11
DA:25,11
DA:28,11
DA:29,11
DA:30,44
DA:31,22
DA:32,22
LF:13
LH:13
end_of_record
TN:
SF:/Users/julian/projects/physna/pcli2/src/commands/config.rs
FN:15,config_command
FNF:1
FNDA:11,config_command
DA:15,11
DA:16,11
DA:20,11
DA:21,11
DA:22,22
DA:23,22
DA:24,22
DA:25,33
DA:28,11
DA:29,11
DA:30,22
DA:33,11
DA:34,11
DA:35,22
DA:38,11
DA:39,11
DA:40,11
DA:41,11
DA:42,11
DA:43,11
DA:44,22
DA:45,11
DA:46,11
DA:47,11
DA:48,11
DA:49,22
DA:50,22
DA:51,22
DA:53,11
DA:54,11
DA:55,11
DA:56,22
DA:57,11
DA:58,11
DA:59,11
DA:60,11
DA:62,11
DA:63,11
DA:64,11
DA:65,22
DA:66,11
DA:67,11
DA:68,11
DA:69,11
DA:71,11
DA:72,11
DA:73,11
DA:74,44
DA:75,22
DA:76,22
DA:78,11
DA:79,11
DA:80,11
DA:82,11
DA:83,11
DA:84,11
DA:85,22
DA:86,11
DA:87,11
DA:88,11
DA:89,11
DA:90,44
DA:91,22
DA:92,22
LF:64
LH:64
end_of_record
TN:
SF:/Users/julian/projects/physna/pcli2/src/commands/context.rs
FN:12,context_command
FNF:1
FNDA:11,context_command
DA:12,11
DA:13,11
DA:17,33
DA:18,11
DA:19,11
DA:20,33
DA:21,22
DA:22,22
DA:26,11
DA:27,11
DA:28,11
DA:29,11
DA:30,11
DA:31,11
DA:32,22
DA:33,22
DA:34,22
DA:35,44
DA:37,22
DA:38,22
DA:39,22
DA:40,44
DA:43,11
DA:44,11
DA:45,33
LF:25
LH:25
end_of_record
TN:
SF:/Users/julian/projects/physna/pcli2/src/commands/folder.rs
FN:15,folder_command
FNF:1
FNDA:11,folder_command
DA:15,11
DA:16,11
DA:20,11
DA:21,11
DA:22,22
DA:23,22
DA:24,22
DA:25,22
DA:26,22
DA:29,11
DA:30,11
DA:31,22
DA:32,22
DA:33,22
DA:34,22
DA:35,22
DA:36,22
DA:37,22
DA:38,22
DA:41,11
DA:42,11
DA:43,11
DA:44,22
DA:45,22
DA:46,22
DA:47,22
DA:48,22
DA:49,22
DA:50,22
DA:51,22
DA:54,11
DA:55,11
DA:56,11
DA:57,22
DA:58,22
DA:59,22
DA:60,11
DA:61,11
DA:62,11
DA:63,11
DA:64,22
DA:65,11
DA:67,22
LF:43
LH:43
end_of_record
TN:
SF:/Users/julian/projects/physna/pcli2/src/commands/metadata.rs
FN:12,metadata_command
FNF:1
FNDA:11,metadata_command
DA:12,11
DA:13,11
DA:17,11
DA:18,11
DA:19,22
DA:20,22
DA:21,22
DA:22,44
DA:23,11
DA:24,11
DA:25,22
DA:26,11
DA:27,11
DA:31,11
DA:32,11
DA:33,11
DA:34,22
DA:35,22
DA:36,22
DA:37,11
DA:38,11
DA:39,11
DA:40,11
DA:41,11
DA:42,22
DA:43,11
DA:45,11
DA:46,11
DA:47,11
DA:48,11
DA:49,11
DA:50,22
DA:51,11
DA:53,11
DA:54,11
DA:55,11
DA:56,11
DA:57,11
DA:58,22
DA:59,11
DA:60,11
DA:62,11
DA:63,11
DA:64,22
DA:65,11
DA:66,11
DA:70,11
DA:71,11
DA:72,11
DA:73,22
DA:74,22
DA:75,22
DA:76,11
DA:77,11
DA:78,11
DA:79,11
DA:80,11
DA:81,11
DA:82,22
DA:83,11
DA:84,22
DA:86,44
DA:87,11
DA:88,11
DA:89,22
DA:90,11
DA:91,11
DA:95,11
DA:96,11
DA:97,11
DA:98,11
DA:120,22
DA:121,11
DA:122,11
DA:123,11
DA:124,11
DA:125,11
DA:126,11
DA:127,22
DA:129,11
DA:130,11
DA:131,11
DA:132,22
DA:133,11
DA:134,11
DA:138,11
DA:139,11
DA:140,33
DA:141,11
DA:142,11
DA:143,11
DA:144,22
DA:145,22
DA:146,11
DA:147,11
DA:149,11
DA:150,11
DA:151,11
DA:152,11
DA:153,11
DA:154,11
DA:155,11
DA:156,11
DA:157,22
DA:159,11
DA:160,11
DA:161,11
DA:162,22
DA:163,11
DA:164,11
DA:166,11
DA:167,11
DA:168,11
DA:169,22
DA:170,11
DA:171,11
DA:173,44
DA:174,22
DA:175,22
DA:176,22
LF:120
LH:120
end_of_record
TN:
SF:/Users/julian/projects/physna/pcli2/src/commands/mod.rs
FN:28,create_cli_commands
FNF:1
FNDA:11,create_cli_commands
DA:28,11
DA:29,11
DA:30,11
DA:31,11
DA:32,11
DA:37,22
DA:38,22
DA:39,22
DA:40,22
DA:41,22
DA:42,22
LF:11
LH:11
end_of_record
TN:
SF:/Users/julian/projects/physna/pcli2/src/commands/params.rs
FN:101,format_parameter
FN:115,format_pretty_parameter
FN:124,format_with_headers_parameter
FN:134,format_with_metadata_parameter
FN:143,output_file_parameter
FN:154,file_parameter
FN:163,multiple_files_parameter
FN:173,client_id_parameter
FN:182,client_secret_parameter
FN:191,uuid_parameter
FN:201,folder_uuid_parameter
FN:211,folder_path_parameter
FN:220,parent_folder_uuid_parameter
FN:230,parent_folder_path_parameter
FN:239,asset_identifier_group
FN:246,asset_identifier_multiple_group
FN:254,name_parameter
FN:264,tenant_name_parameter
FN:273,tenant_id_parameter
FN:282,tenant_uuid_parameter
FN:292,tenant_parameter
FN:302,folder_identifier_group
FN:310,parent_folder_identifier_group
FN:318,tenant_identifier_group
FN:326,path_parameter
FN:336,refresh_parameter
FN:346,recursive_parameter
FN:356,api_url_parameter
FN:365,ui_url_parameter
FN:374,auth_url_parameter
FNF:30
FNDA:264,format_parameter
FNDA:242,format_pretty_parameter
FNDA:242,format_with_headers_parameter
FNDA:154,format_with_metadata_parameter
FNDA:11,output_file_parameter
FNDA:22,file_parameter
FNDA:11,multiple_files_parameter
FNDA:11,client_id_parameter
FNDA:11,client_secret_parameter
FNDA:110,uuid_parameter
FNDA:55,folder_uuid_parameter
FNDA:66,folder_path_parameter
FNDA:11,parent_folder_uuid_parameter
FNDA:11,parent_folder_path_parameter
FNDA:66,asset_identifier_group
FNDA:11,asset_identifier_multiple_group
FNDA:11,name_parameter
FNDA:22,tenant_name_parameter
FNDA:11,tenant_id_parameter
FNDA:11,tenant_uuid_parameter
FNDA:253,tenant_parameter
FNDA:55,folder_identifier_group
FNDA:11,parent_folder_identifier_group
FNDA:11,tenant_identifier_group
FNDA:121,path_parameter
FNDA:11,refresh_parameter
FNDA:11,recursive_parameter
FNDA:11,api_url_parameter
FNDA:11,ui_url_parameter
FNDA:11,auth_url_parameter
DA:101,264
DA:102,264
DA:104,264
DA:111,528
DA:115,242
DA:116,242
DA:117,242
DA:118,484
DA:124,242
DA:125,242
DA:126,242
DA:127,484
DA:134,154
DA:135,154
DA:136,154
DA:137,308
DA:143,11
DA:144,11
DA:146,11
DA:150,22
DA:154,22
DA:155,22
DA:156,22
DA:160,44
DA:163,11
DA:164,11
DA:165,11
DA:169,22
DA:173,11
DA:174,11
DA:175,11
DA:182,11
DA:183,11
DA:184,11
DA:191,110
DA:192,110
DA:194,110
DA:196,220
DA:201,55
DA:202,55
DA:203,55
DA:206,110
DA:211,66
DA:212,66
DA:213,66
DA:220,11
DA:221,11
DA:222,11
DA:225,22
DA:230,11
DA:231,11
DA:232,11
DA:239,66
DA:240,66
DA:241,132
DA:246,11
DA:247,11
DA:248,22
DA:254,11
DA:255,11
DA:257,11
DA:264,22
DA:265,22
DA:266,22
DA:273,11
DA:274,11
DA:275,11
DA:282,11
DA:283,11
DA:284,11
DA:287,22
DA:292,253
DA:293,253
DA:295,253
DA:302,55
DA:303,55
DA:304,110
DA:310,11
DA:311,11
DA:312,22
DA:318,11
DA:319,11
DA:320,22
DA:326,121
DA:327,121
DA:329,121
DA:336,11
DA:337,11
DA:339,11
DA:340,22
DA:346,11
DA:347,11
DA:349,11
DA:350,22
DA:356,11
DA:357,11
DA:358,11
DA:365,11
DA:366,11
DA:367,11
DA:374,11
DA:375,11
DA:376,11
LF:103
LH:103
end_of_record
TN:
SF:/Users/julian/projects/physna/pcli2/src/commands/tenant.rs
FN:12,tenant_command
FNF:1
FNDA:11,tenant_command
DA:12,11
DA:13,11
DA:17,11
DA:18,11
DA:19,22
DA:20,22
DA:21,44
DA:22,22
DA:23,22
DA:24,22
DA:27,11
DA:28,11
DA:29,11
DA:30,44
DA:31,22
DA:32,22
LF:16
LH:16
end_of_record
TN:
SF:/Users/julian/projects/physna/pcli2/src/configuration.rs
FN:30,default_api_base_url
FN:34,default_ui_base_url
FN:38,default_auth_base_url
FN:82,<impl Default for Configuration>::default
FN:95,Configuration::active_tenant_uuid
FN:99,Configuration::get_default_configuration_file_path
FN:120,Configuration::load_default
FN:135,Configuration::load_or_create_default
FN:189,Configuration::load_from_file
FN:206,Configuration::write
FN:213,Configuration::save
FN:237,Configuration::save_to_default
FN:242,Configuration::get_active_tenant_uuid
FN:246,Configuration::set_active_tenant
FN:250,Configuration::clear_active_tenant
FN:255,Configuration::get_api_base_url
FN:270,Configuration::get_ui_base_url
FN:285,Configuration::get_auth_base_url
FN:301,Configuration::set_active_environment
FN:312,Configuration::add_environment
FN:316,Configuration::remove_environment
FN:332,Configuration::list_environments
FN:336,Configuration::get_active_environment
FN:341,Configuration::reset_environments
FN:347,Configuration::get_environment_config
FN:353,<impl Formattable for Configuration>::format
FNF:26
FNDA:0,default_api_base_url
FNDA:0,default_ui_base_url
FNDA:0,default_auth_base_url
FNDA:0,<impl Default for Configuration>::default
FNDA:0,Configuration::active_tenant_uuid
FNDA:8,Configuration::get_default_configuration_file_path
FNDA:0,Configuration::load_default
FNDA:8,Configuration::load_or_create_default
FNDA:8,Configuration::load_from_file
FNDA:0,Configuration::write
FNDA:0,Configuration::save
FNDA:0,Configuration::save_to_default
FNDA:4,Configuration::get_active_tenant_uuid
FNDA:0,Configuration::set_active_tenant
FNDA:0,Configuration::clear_active_tenant
FNDA:4,Configuration::get_api_base_url
FNDA:0,Configuration::get_ui_base_url
FNDA:0,Configuration::get_auth_base_url
FNDA:0,Configuration::set_active_environment
FNDA:0,Configuration::add_environment
FNDA:0,Configuration::remove_environment
FNDA:0,Configuration::list_environments
FNDA:4,Configuration::get_active_environment
FNDA:0,Configuration::reset_environments
FNDA:0,Configuration::get_environment_config
FNDA:0,<impl Formattable for Configuration>::format
DA:30,0
DA:31,0
DA:34,0
DA:35,0
DA:38,0
DA:39,0
DA:82,0
DA:89,0
DA:95,0
DA:96,0
DA:99,8
DA:101,8
DA:102,0
DA:103,0
DA:104,0
DA:107,16
DA:108,8
DA:109,8
DA:110,16
DA:111,16
DA:112,16
DA:114,8
DA:116,0
DA:120,0
DA:121,0
DA:122,0
DA:123,0
DA:124,0
DA:125,0
DA:126,0
DA:127,0
DA:128,0
DA:130,0
DA:135,8
DA:136,16
DA:137,8
DA:138,0
DA:139,0
DA:140,0
DA:141,0
DA:142,0
DA:143,0
DA:147,16
DA:148,16
DA:149,0
DA:151,0
DA:152,0
DA:153,0
DA:154,0
DA:155,0
DA:156,0
DA:158,0
DA:161,0
DA:163,0
DA:164,0
DA:166,0
DA:168,0
DA:169,0
DA:170,0
DA:171,0
DA:177,0
DA:180,0
DA:183,0
DA:189,8
DA:190,16
DA:191,8
DA:192,24
DA:193,8
DA:194,16
DA:195,0
DA:196,0
DA:200,0
DA:201,0
DA:206,0
DA:207,0
DA:208,0
DA:209,0
DA:213,0
DA:215,0
DA:216,0
DA:217,0
DA:219,0
DA:220,0
DA:221,0
DA:224,0
DA:227,0
DA:228,0
DA:229,0
DA:230,0
DA:231,0
DA:233,0
DA:237,0
DA:238,0
DA:242,4
DA:243,8
DA:246,0
DA:247,0
DA:250,0
DA:251,0
DA:255,4
DA:257,8
DA:258,12
DA:259,8
DA:263,0
DA:264,0
DA:266,0
DA:270,0
DA:272,0
DA:273,0
DA:274,0
DA:278,0
DA:279,0
DA:281,0
DA:285,0
DA:287,0
DA:288,0
DA:289,0
DA:293,0
DA:294,0
DA:296,0
DA:301,0
DA:302,0
DA:303,0
DA:304,0
DA:306,0
DA:307,0
DA:312,0
DA:313,0
DA:316,0
DA:317,0
DA:319,0
DA:320,0
DA:321,0
DA:324,0
DA:326,0
DA:327,0
DA:332,0
DA:333,0
DA:336,4
DA:337,8
DA:341,0
DA:342,0
DA:343,0
DA:347,0
DA:348,0
DA:353,0
DA:354,0
DA:355,0
DA:356,0
DA:357,0
DA:359,0
DA:362,0
DA:363,0
DA:364,0
DA:365,0
DA:366,0
DA:367,0
DA:369,0
DA:370,0
DA:371,0
DA:373,0
DA:377,0
DA:378,0
DA:379,0
DA:380,0
DA:381,0
DA:382,0
DA:383,0
DA:384,0
DA:385,0
DA:386,0
DA:387,0
DA:388,0
DA:389,0
DA:391,0
DA:392,0
DA:393,0
DA:396,0
LF:178
LH:28
end_of_record
TN:
SF:/Users/julian/projects/physna/pcli2/src/dev_keyring.rs
FN:33,<impl Default for DevKeyring>::default
FN:65,DevKeyring::new
FN:69,DevKeyring::load_credentials
FN:91,DevKeyring::save_credentials
FN:104,DevKeyring::get
FN:143,DevKeyring::put
FN:183,DevKeyring::delete
FNF:7
FNDA:4,<impl Default for DevKeyring>::default
FNDA:0,DevKeyring::new
FNDA:12,DevKeyring::load_credentials
FNDA:0,DevKeyring::save_credentials
FNDA:12,DevKeyring::get
FNDA:0,DevKeyring::put
FNDA:0,DevKeyring::delete
DA:33,4
DA:35,12
DA:37,0
DA:38,0
DA:39,0
DA:40,0
DA:41,0
DA:44,0
DA:45,0
DA:50,0
DA:53,8
DA:54,8
DA:55,8
DA:65,0
DA:66,0
DA:69,12
DA:70,12
DA:71,36
DA:72,12
DA:73,24
DA:74,12
DA:76,0
DA:78,0
DA:79,0
DA:84,0
DA:85,0
DA:88,12
DA:91,0
DA:93,0
DA:94,0
DA:97,0
DA:98,0
DA:99,0
DA:101,0
DA:104,12
DA:106,12
DA:108,0
DA:109,0
DA:110,0
DA:111,0
DA:112,0
DA:116,24
DA:117,36
DA:118,12
DA:119,12
DA:120,4
DA:121,4
DA:123,8
DA:124,4
DA:125,4
DA:127,4
DA:128,4
DA:129,4
DA:131,0
DA:134,0
DA:135,0
DA:138,0
DA:139,0
DA:143,0
DA:144,0
DA:147,0
DA:148,0
DA:149,0
DA:152,0
DA:153,0
DA:157,0
DA:158,0
DA:159,0
DA:160,0
DA:163,0
DA:164,0
DA:165,0
DA:166,0
DA:168,0
DA:169,0
DA:170,0
DA:172,0
DA:173,0
DA:174,0
DA:176,0
DA:179,0
DA:180,0
DA:183,0
DA:185,0
DA:186,0
DA:187,0
DA:190,0
DA:191,0
DA:192,0
DA:193,0
DA:194,0
DA:195,0
DA:196,0
DA:200,0
DA:201,0
DA:204,0
LF:96
LH:26
end_of_record
TN:
SF:/Users/julian/projects/physna/pcli2/src/error.rs
FN:58,CliError::exit_code
FNF:1
FNDA:0,CliError::exit_code
DA:58,0
DA:59,0
DA:60,0
DA:61,0
DA:62,0
DA:63,0
DA:64,0
DA:65,0
DA:66,0
DA:67,0
DA:68,0
LF:11
LH:0
end_of_record
TN:
SF:/Users/julian/projects/physna/pcli2/src/error_utils.rs
FN:52,report_error
FN:63,report_detailed_error
FN:85,report_error_with_remediation
FN:105,report_error_with_message
FN:111,report_warning
FN:119,create_user_friendly_error
FN:150,report_error_with_user_friendly_message
FN:156,is_retryable_error
FNF:8
FNDA:0,report_error
FNDA:0,report_detailed_error
FNDA:0,report_error_with_remediation
FNDA:0,report_error_with_message
FNDA:0,report_warning
FNDA:5,create_user_friendly_error
FNDA:0,report_error_with_user_friendly_message
FNDA:6,is_retryable_error
DA:52,0
DA:53,0
DA:63,0
DA:64,0
DA:65,0
DA:68,0
DA:71,0
DA:73,0
DA:74,0
DA:79,0
DA:85,0
DA:86,0
DA:87,0
DA:89,0
DA:91,0
DA:92,0
DA:93,0
DA:94,0
DA:98,0
DA:105,0
DA:106,0
DA:107,0
DA:111,0
DA:112,0
DA:113,0
DA:119,5
DA:120,15
DA:123,5
DA:124,0
DA:125,5
DA:126,0
DA:127,5
DA:128,0
DA:129,5
DA:130,0
DA:131,8
DA:132,4
DA:133,6
DA:134,0
DA:135,5
DA:136,4
DA:137,2
DA:138,0
DA:139,1
DA:140,2
DA:141,0
DA:142,0
DA:145,0
DA:150,0
DA:151,0
DA:152,0
DA:156,6
DA:157,12
DA:159,6
DA:160,4
DA:161,4
DA:162,4
DA:163,4
DA:164,2
DA:165,2
DA:166,2
DA:167,2
LF:62
LH:25
end_of_record
TN:
SF:/Users/julian/projects/physna/pcli2/src/exit_codes.rs
FN:56,PcliExitCode::code
FN:61,PcliExitCode::message
FN:81,<impl From for i32>::from
FNF:3
FNDA:0,PcliExitCode::code
FNDA:0,PcliExitCode::message
FNDA:0,<impl From for i32>::from
DA:56,0
DA:57,0
DA:61,0
DA:62,0
DA:63,0
DA:64,0
DA:65,0
DA:66,0
DA:67,0
DA:68,0
DA:69,0
DA:70,0
DA:71,0
DA:72,0
DA:73,0
DA:74,0
DA:75,0
DA:81,0
DA:82,0
LF:19
LH:0
end_of_record
TN:
SF:/Users/julian/projects/physna/pcli2/src/folder_cache.rs
FNF:0
DA:40,0
DA:41,0
DA:42,0
LF:3
LH:0
end_of_record
TN:
SF:/Users/julian/projects/physna/pcli2/src/folder_hierarchy.rs
FN:33,FolderNode::new
FN:41,FolderNode::uuid
FN:46,FolderNode::name
FN:51,FolderNode::parent_uuid
FN:66,<impl Default for FolderHierarchy>::default
FN:73,FolderHierarchy::new
FN:92,FolderHierarchy::build_from_api
FN:168,FolderHierarchy::to_direct_children_list
FN:194,FolderHierarchy::get_children_by_path
FN:220,FolderHierarchy::get_folder_by_uuid
FN:232,FolderHierarchy::get_folder_by_path
FN:249,FolderHierarchy::find_folder_by_path_parts
FN:282,FolderHierarchy::get_path_for_folder
FN:315,FolderHierarchy::filter_by_path
FN:335,FolderHierarchy::add_subtree_to_hierarchy
FN:365,FolderHierarchy::print_tree
FN:398,FolderHierarchy::build_tree_node
FN:422,FolderHierarchy::to_folder_list
FNF:18
FNDA:0,FolderNode::new
FNDA:0,FolderNode::uuid
FNDA:0,FolderNode::name
FNDA:0,FolderNode::parent_uuid
FNDA:0,<impl Default for FolderHierarchy>::default
FNDA:0,FolderHierarchy::new
FNDA:0,FolderHierarchy::build_from_api
FNDA:0,FolderHierarchy::to_direct_children_list
FNDA:0,FolderHierarchy::get_children_by_path
FNDA:0,FolderHierarchy::get_folder_by_uuid
FNDA:0,FolderHierarchy::get_folder_by_path
FNDA:0,FolderHierarchy::find_folder_by_path_parts
FNDA:0,FolderHierarchy::get_path_for_folder
FNDA:0,FolderHierarchy::filter_by_path
FNDA:0,FolderHierarchy::add_subtree_to_hierarchy
FNDA:0,FolderHierarchy::print_tree
FNDA:0,FolderHierarchy::build_tree_node
FNDA:0,FolderHierarchy::to_folder_list
DA:33,0
DA:36,0
DA:41,0
DA:42,0
DA:46,0
DA:47,0
DA:51,0
DA:52,0
DA:66,0
DA:67,0
DA:73,0
DA:75,0
DA:76,0
DA:92,0
DA:93,0
DA:96,0
DA:97,0
DA:99,0
DA:100,0
DA:102,0
DA:103,0
DA:106,0
DA:107,0
DA:108,0
DA:111,0
DA:112,0
DA:115,0
DA:116,0
DA:117,0
DA:121,0
DA:127,0
DA:128,0
DA:129,0
DA:132,0
DA:136,0
DA:137,0
DA:139,0
DA:140,0
DA:141,0
DA:142,0
DA:145,0
DA:149,0
DA:150,0
DA:151,0
DA:152,0
DA:157,0
DA:168,0
DA:169,0
DA:172,0
DA:173,0
DA:175,0
DA:176,0
DA:177,0
DA:181,0
DA:194,0
DA:196,0
DA:198,0
DA:201,0
DA:202,0
DA:203,0
DA:204,0
DA:205,0
DA:209,0
DA:220,0
DA:221,0
DA:232,0
DA:233,0
DA:234,0
DA:237,0
DA:249,0
DA:250,0
DA:251,0
DA:254,0
DA:257,0
DA:258,0
DA:259,0
DA:260,0
DA:262,0
DA:265,0
DA:271,0
DA:282,0
DA:283,0
DA:284,0
DA:287,0
DA:288,0
DA:290,0
DA:291,0
DA:293,0
DA:298,0
DA:300,0
DA:301,0
DA:303,0
DA:315,0
DA:318,0
DA:321,0
DA:324,0
DA:326,0
DA:335,0
DA:337,0
DA:340,0
DA:342,0
DA:343,0
DA:344,0
DA:347,0
DA:351,0
DA:354,0
DA:355,0
DA:356,0
DA:365,0
DA:367,0
DA:369,0
DA:371,0
DA:373,0
DA:374,0
DA:377,0
DA:379,0
DA:381,0
DA:383,0
DA:384,0
DA:387,0
DA:389,0
DA:398,0
DA:399,0
DA:402,0
DA:404,0
DA:406,0
DA:408,0
DA:409,0
DA:412,0
DA:422,0
DA:423,0
DA:426,0
DA:427,0
DA:428,0
DA:429,0
DA:432,0
LF:136
LH:0
end_of_record
TN:
SF:/Users/julian/projects/physna/pcli2/src/format.rs
FN:50,<impl Default for OutputFormatOptions>::default
FN:72,OutputFormat::names
FN:76,OutputFormat::from_string_with_options
FN:94,<impl Default for OutputFormat>::default
FN:101,<impl Display for OutputFormat>::fmt
FN:114,<impl FromStr for OutputFormat>::from_str
FN:137,CsvRecordProducer::csv_header_with_metadata
FN:142,CsvRecordProducer::as_csv_records_with_metadata
FN:147,CsvRecordProducer::to_csv_with_header
FN:152,CsvRecordProducer::to_csv_without_header
FN:157,CsvRecordProducer::to_csv
FNF:11
FNDA:0,<impl Default for OutputFormatOptions>::default
FNDA:264,OutputFormat::names
FNDA:4,OutputFormat::from_string_with_options
FNDA:0,<impl Default for OutputFormat>::default
FNDA:0,<impl Display for OutputFormat>::fmt
FNDA:0,<impl FromStr for OutputFormat>::from_str
FNDA:0,CsvRecordProducer::csv_header_with_metadata
FNDA:0,CsvRecordProducer::as_csv_records_with_metadata
FNDA:0,CsvRecordProducer::to_csv_with_header
FNDA:0,CsvRecordProducer::to_csv_without_header
FNDA:0,CsvRecordProducer::to_csv
DA:50,0
DA:72,264
DA:73,1056
DA:76,4
DA:80,12
DA:81,12
DA:82,4
DA:83,6
DA:84,4
DA:85,0
DA:86,0
DA:87,0
DA:94,0
DA:95,0
DA:101,0
DA:102,0
DA:103,0
DA:104,0
DA:105,0
DA:114,0
DA:115,0
DA:137,0
DA:138,0
DA:142,0
DA:143,0
DA:147,0
DA:148,0
DA:152,0
DA:153,0
DA:157,0
DA:158,0
DA:159,0
DA:160,0
DA:161,0
DA:163,0
DA:164,0
DA:166,0
DA:167,0
DA:168,0
DA:169,0
DA:170,0
DA:172,0
LF:42
LH:8
end_of_record
TN:
SF:/Users/julian/projects/physna/pcli2/src/http_utils.rs
FN:25,<impl Default for HttpRequestConfig>::default
FN:36,HttpRequestConfig::from_configuration
FN:56,HttpClient::new
FN:66,HttpClient::get
FN:76,HttpClient::post
FN:88,HttpClient::put
FN:100,HttpClient::delete
FN:125,HttpClient::execute_request
FNF:8
FNDA:2,<impl Default for HttpRequestConfig>::default
FNDA:0,HttpRequestConfig::from_configuration
FNDA:0,HttpClient::new
FNDA:0,HttpClient::get
FNDA:0,HttpClient::post
FNDA:0,HttpClient::put
FNDA:0,HttpClient::delete
FNDA:0,HttpClient::execute_request
DA:25,2
DA:27,4
DA:28,2
DA:36,0
DA:38,0
DA:39,0
DA:56,0
DA:57,0
DA:58,0
DA:60,0
DA:62,0
DA:66,0
DA:70,0
DA:71,0
DA:72,0
DA:76,0
DA:81,0
DA:82,0
DA:83,0
DA:84,0
DA:88,0
DA:93,0
DA:94,0
DA:95,0
DA:96,0
DA:100,0
DA:101,0
DA:102,0
DA:105,0
DA:106,0
DA:110,0
DA:111,0
DA:114,0
DA:115,0
DA:117,0
DA:118,0
DA:120,0
DA:125,0
DA:130,0
DA:133,0
DA:134,0
DA:138,0
DA:139,0
DA:142,0
DA:143,0
DA:147,0
DA:148,0
DA:149,0
DA:150,0
DA:151,0
DA:153,0
DA:154,0
DA:155,0
DA:158,0
DA:159,0
DA:160,0
DA:161,0
DA:162,0
DA:167,0
LF:59
LH:3
end_of_record
TN:
SF:/Users/julian/projects/physna/pcli2/src/keyring.rs
FNF:0
DA:88,0
DA:89,0
DA:92,0
DA:93,0
DA:96,0
DA:97,0
DA:102,4
DA:103,32
DA:104,32
DA:105,32
DA:107,8
LF:11
LH:5
end_of_record
TN:
SF:/Users/julian/projects/physna/pcli2/src/main.rs
FN:50,MainError::exit_code
FN:75,main
FNF:2
FNDA:0,MainError::exit_code
FNDA:22,main
DA:50,0
DA:51,0
DA:52,0
DA:53,0
DA:75,22
DA:77,44
DA:78,28
DA:79,6
DA:83,11
DA:84,22
DA:88,33
DA:89,11
DA:91,11
DA:93,11
DA:94,11
DA:95,11
DA:96,11
LF:17
LH:13
end_of_record
TN:
SF:/Users/julian/projects/physna/pcli2/src/metadata.rs
FN:25,MetadataEntry::new
FN:42,read_metadata_from_csv
FN:72,group_metadata_by_asset
FN:96,convert_metadata_to_json_values
FN:123,convert_single_metadata_to_json_value
FN:170,sanitize_metadata_value
FNF:6
FNDA:0,MetadataEntry::new
FNDA:0,read_metadata_from_csv
FNDA:0,group_metadata_by_asset
FNDA:0,convert_metadata_to_json_values
FNDA:0,convert_single_metadata_to_json_value
FNDA:0,sanitize_metadata_value
DA:25,0
DA:42,0
DA:43,0
DA:45,0
DA:46,0
DA:47,0
DA:49,0
DA:52,0
DA:53,0
DA:54,0
DA:55,0
DA:59,0
DA:61,0
DA:62,0
DA:72,0
DA:73,0
DA:75,0
DA:77,0
DA:80,0
DA:83,0
DA:96,0
DA:97,0
DA:99,0
DA:101,0
DA:105,0
DA:108,0
DA:123,0
DA:124,0
DA:125,0
DA:127,0
DA:128,0
DA:129,0
DA:130,0
DA:131,0
DA:133,0
DA:134,0
DA:135,0
DA:138,0
DA:141,0
DA:142,0
DA:143,0
DA:144,0
DA:147,0
DA:150,0
DA:152,0
DA:154,0
DA:155,0
DA:170,0
DA:171,0
LF:49
LH:0
end_of_record
TN:
SF:/Users/julian/projects/physna/pcli2/src/metadata_cache.rs
FN:31,MetadataCache::new
FN:42,MetadataCache::is_expired
FN:63,MetadataCache::get_cache_file_path
FN:82,MetadataCache::load
FN:106,MetadataCache::save
FN:135,MetadataCache::get_or_fetch
FN:179,MetadataCache::get_cached_metadata_fields
FN:199,MetadataCache::invalidate_tenant
FN:208,<impl Default for MetadataCache>::default
FNF:9
FNDA:1,MetadataCache::new
FNDA:0,MetadataCache::is_expired
FNDA:0,MetadataCache::get_cache_file_path
FNDA:0,MetadataCache::load
FNDA:0,MetadataCache::save
FNDA:0,MetadataCache::get_or_fetch
FNDA:0,MetadataCache::get_cached_metadata_fields
FNDA:0,MetadataCache::invalidate_tenant
FNDA:0,<impl Default for MetadataCache>::default
DA:31,1
DA:33,2
DA:34,2
DA:42,0
DA:45,0
DA:46,0
DA:47,0
DA:52,0
DA:54,0
DA:63,0
DA:65,0
DA:66,0
DA:67,0
DA:68,0
DA:71,0
DA:72,0
DA:73,0
DA:74,0
DA:82,0
DA:83,0
DA:85,0
DA:86,0
DA:87,0
DA:89,0
DA:90,0
DA:91,0
DA:92,0
DA:93,0
DA:94,0
DA:96,0
DA:97,0
DA:106,0
DA:107,0
DA:110,0
DA:111,0
DA:115,0
DA:116,0
DA:119,0
DA:120,0
DA:121,0
DA:122,0
DA:135,0
DA:140,0
DA:142,0
DA:145,0
DA:146,0
DA:147,0
DA:148,0
DA:149,0
DA:151,0
DA:153,0
DA:156,0
DA:160,0
DA:163,0
DA:164,0
DA:165,0
DA:168,0
DA:179,0
DA:180,0
DA:181,0
DA:182,0
DA:185,0
DA:199,0
DA:200,0
DA:201,0
DA:202,0
DA:203,0
DA:208,0
DA:209,0
LF:69
LH:3
end_of_record
TN:
SF:/Users/julian/projects/physna/pcli2/src/model.rs
FN:44,normalize_path
FN:112,Folder::new
FN:121,Folder::from_folder_response
FN:130,Folder::uuid
FN:135,Folder::set_name
FN:140,Folder::name
FN:145,Folder::path
FN:150,Folder::set_path
FN:155,Folder::builder
FN:171,<impl From for Folder>::from
FN:182,<impl CsvRecordProducer for Folder>::csv_header
FN:187,<impl CsvRecordProducer for Folder>::as_csv_records
FN:192,<impl CsvRecordProducer for Folder>::to_csv
FN:228,<impl OutputFormatter for Folder>::format
FN:255,FolderBuilder::new
FN:264,FolderBuilder::uuid
FN:270,FolderBuilder::name
FN:276,FolderBuilder::path
FN:286,FolderBuilder::build
FN:323,FolderList::empty
FN:329,FolderList::new
FN:336,FolderList::is_empty
FN:341,FolderList::len
FN:353,FolderList::find_by_name
FN:357,FolderList::add
FN:361,FolderList::folders
FN:367,<impl Default for FolderList>::default
FN:374,<impl FromIterator for FolderList>::from_iter
FN:388,<impl IntoIterator for &'aFolderList>::into_iter
FN:397,<impl IntoIterator for &'amutFolderList>::into_iter
FN:406,<impl IntoIterator for FolderList>::into_iter
FN:412,<impl From for FolderList>::from
FN:420,<impl CsvRecordProducer for FolderList>::csv_header
FN:425,<impl CsvRecordProducer for FolderList>::as_csv_records
FN:447,<impl OutputFormatter for FolderList>::format
FN:517,<impl TryFrom for Tenant>::try_from
FN:527,<impl Formattable for Tenant>::format
FN:569,TenantList::empty
FN:575,TenantList::new
FN:582,TenantList::is_empty
FN:587,TenantList::len
FN:599,TenantList::find_by_name
FN:603,TenantList::add
FN:607,TenantList::tenants
FN:613,<impl Default for TenantList>::default
FN:620,<impl FromIterator for TenantList>::from_iter
FN:634,<impl IntoIterator for &'aTenantList>::into_iter
FN:644,<impl IntoIterator for &'amutTenantList>::into_iter
FN:654,<impl IntoIterator for TenantList>::into_iter
FN:660,<impl From for TenantList>::from
FN:675,<impl CsvRecordProducer for TenantList>::csv_header
FN:680,<impl CsvRecordProducer for TenantList>::as_csv_records
FN:699,<impl OutputFormatter for TenantList>::format
FN:796,CurrentUserResponse::get_tenant_by_name
FN:810,CurrentUserResponse::get_tenant_by_uuid
FN:852,FolderResponse::new
FN:937,FolderResponse::to_folder
FN:947,AssetListResponse::to_asset_list
FN:982,FolderListResponse::to_folder_list
FN:1024,AssetMetadata::new
FN:1030,AssetMetadata::keys
FN:1034,AssetMetadata::get
FN:1046,<impl From for AssetMetadata>::from
FN:1066,<impl OutputFormatter for AssetMetadata>::format
FN:1140,<impl PartialEq for Asset>::eq
FN:1149,<impl PartialOrd for Asset>::partial_cmp
FN:1155,<impl Ord for Asset>::cmp
FN:1173,Asset::new
FN:1198,Asset::uuid
FN:1203,Asset::set_name
FN:1208,Asset::name
FN:1213,Asset::path
FN:1218,Asset::set_path
FN:1223,Asset::file_size
FN:1228,Asset::file_type
FN:1233,Asset::processing_status
FN:1238,Asset::created_at
FN:1243,Asset::updated_at
FN:1248,Asset::metadata
FN:1278,<impl From for Asset>::from
FN:1285,<impl CsvRecordProducer for Asset>::csv_header
FN:1296,<impl CsvRecordProducer for Asset>::as_csv_records
FN:1307,<impl CsvRecordProducer for Asset>::csv_header_with_metadata
FN:1314,<impl CsvRecordProducer for Asset>::as_csv_records_with_metadata
FN:1345,<impl OutputFormatter for Asset>::format
FN:1369,AssetList::empty
FN:1376,AssetList::is_empty
FN:1381,AssetList::len
FN:1389,AssetList::insert
FN:1397,AssetList::remove
FN:1409,AssetList::get
FN:1421,AssetList::find_by_name
FN:1438,AssetList::find_by_path
FN:1451,AssetList::get_all_assets
FN:1464,AssetList::as_csv_records_with_metadata
FN:1498,<impl Default for AssetList>::default
FN:1505,<impl FromIterator for AssetList>::from_iter
FN:1522,<impl From for AssetList>::from
FN:1529,<impl CsvRecordProducer for AssetList>::csv_header
FN:1534,<impl CsvRecordProducer for AssetList>::as_csv_records
FN:1556,<impl OutputFormatter for AssetList>::format
FN:1683,GeometricMatch::asset_uuid
FN:1688,GeometricMatch::path
FN:1693,GeometricMatch::score
FN:1722,PartMatch::asset_uuid
FN:1727,PartMatch::path
FN:1732,PartMatch::forward_score
FN:1737,PartMatch::reverse_score
FN:1760,<impl CsvRecordProducer for PartSearchResponse>::csv_header
FN:1770,<impl CsvRecordProducer for PartSearchResponse>::as_csv_records
FN:1801,<impl CsvRecordProducer for EnhancedPartSearchResponse>::csv_header
FN:1814,<impl CsvRecordProducer for EnhancedPartSearchResponse>::as_csv_records
FN:1841,<impl OutputFormatter for EnhancedPartSearchResponse>::format
FN:1855,EnhancedPartSearchResponse::format_with_metadata_flag
FN:2005,PartMatchPair::from_reference_and_match
FN:2019,<impl CsvRecordProducer for PartMatchPair>::csv_header
FN:2032,<impl CsvRecordProducer for PartMatchPair>::as_csv_records
FN:2047,<impl CsvRecordProducer for VisualMatchPair>::csv_header
FN:2058,<impl CsvRecordProducer for VisualMatchPair>::as_csv_records
FN:2127,<impl CsvRecordProducer for FolderGeometricMatch>::csv_header
FN:2141,<impl CsvRecordProducer for FolderGeometricMatch>::as_csv_records
FN:2161,<impl CsvRecordProducer for FolderGeometricMatchResponse>::csv_header
FN:2166,<impl CsvRecordProducer for FolderGeometricMatchResponse>::as_csv_records
FN:2174,<impl OutputFormatter for FolderGeometricMatchResponse>::format
FN:2204,<impl CsvRecordProducer for GeometricSearchResponse>::csv_header
FN:2213,<impl CsvRecordProducer for GeometricSearchResponse>::as_csv_records
FN:2253,GeometricMatchPair::from_reference_and_match
FN:2266,<impl CsvRecordProducer for GeometricMatchPair>::csv_header
FN:2278,<impl CsvRecordProducer for GeometricMatchPair>::as_csv_records
FN:2301,<impl OutputFormatter for GeometricMatchPair>::format
FN:2426,<impl CsvRecordProducer for EnhancedGeometricSearchResponse>::csv_header
FN:2438,<impl CsvRecordProducer for EnhancedGeometricSearchResponse>::as_csv_records
FN:2466,<impl OutputFormatter for EnhancedGeometricSearchResponse>::format
FN:2592,EnhancedGeometricSearchResponse::format_with_metadata_option
FN:2758,<impl CsvRecordProducer for AssetDependenciesResponse>::csv_header
FN:2768,<impl CsvRecordProducer for AssetDependenciesResponse>::as_csv_records
FN:2792,<impl OutputFormatter for AssetDependenciesResponse>::format
FNF:137
FNDA:0,normalize_path
FNDA:0,Folder::new
FNDA:0,Folder::from_folder_response
FNDA:0,Folder::uuid
FNDA:0,Folder::set_name
FNDA:0,Folder::name
FNDA:0,Folder::path
FNDA:0,Folder::set_path
FNDA:0,Folder::builder
FNDA:0,<impl From for Folder>::from
FNDA:0,<impl CsvRecordProducer for Folder>::csv_header
FNDA:0,<impl CsvRecordProducer for Folder>::as_csv_records
FNDA:0,<impl CsvRecordProducer for Folder>::to_csv
FNDA:0,<impl OutputFormatter for Folder>::format
FNDA:0,FolderBuilder::new
FNDA:0,FolderBuilder::uuid
FNDA:0,FolderBuilder::name
FNDA:0,FolderBuilder::path
FNDA:0,FolderBuilder::build
FNDA:0,FolderList::empty
FNDA:0,FolderList::new
FNDA:0,FolderList::is_empty
FNDA:0,FolderList::len
FNDA:0,FolderList::find_by_name
FNDA:0,FolderList::add
FNDA:0,FolderList::folders
FNDA:0,<impl Default for FolderList>::default
FNDA:0,<impl FromIterator for FolderList>::from_iter
FNDA:0,<impl IntoIterator for &'aFolderList>::into_iter
FNDA:0,<impl IntoIterator for &'amutFolderList>::into_iter
FNDA:0,<impl IntoIterator for FolderList>::into_iter
FNDA:0,<impl From for FolderList>::from
FNDA:0,<impl CsvRecordProducer for FolderList>::csv_header
FNDA:0,<impl CsvRecordProducer for FolderList>::as_csv_records
FNDA:0,<impl OutputFormatter for FolderList>::format
FNDA:4,<impl TryFrom for Tenant>::try_from
FNDA:0,<impl Formattable for Tenant>::format
FNDA:0,TenantList::empty
FNDA:0,TenantList::new
FNDA:0,TenantList::is_empty
FNDA:0,TenantList::len
FNDA:0,TenantList::find_by_name
FNDA:0,TenantList::add
FNDA:0,TenantList::tenants
FNDA:0,<impl Default for TenantList>::default
FNDA:0,<impl FromIterator for TenantList>::from_iter
FNDA:0,<impl IntoIterator for &'aTenantList>::into_iter
FNDA:0,<impl IntoIterator for &'amutTenantList>::into_iter
FNDA:0,<impl IntoIterator for TenantList>::into_iter
FNDA:0,<impl From for TenantList>::from
FNDA:0,<impl CsvRecordProducer for TenantList>::csv_header
FNDA:0,<impl CsvRecordProducer for TenantList>::as_csv_records
FNDA:0,<impl OutputFormatter for TenantList>::format
FNDA:0,CurrentUserResponse::get_tenant_by_name
FNDA:0,CurrentUserResponse::get_tenant_by_uuid
FNDA:0,FolderResponse::new
FNDA:0,FolderResponse::to_folder
FNDA:0,AssetListResponse::to_asset_list
FNDA:0,FolderListResponse::to_folder_list
FNDA:0,AssetMetadata::new
FNDA:0,AssetMetadata::keys
FNDA:0,AssetMetadata::get
FNDA:0,<impl From for AssetMetadata>::from
FNDA:0,<impl OutputFormatter for AssetMetadata>::format
FNDA:0,<impl PartialEq for Asset>::eq
FNDA:0,<impl PartialOrd for Asset>::partial_cmp
FNDA:0,<impl Ord for Asset>::cmp
FNDA:0,Asset::new
FNDA:0,Asset::uuid
FNDA:0,Asset::set_name
FNDA:0,Asset::name
FNDA:0,Asset::path
FNDA:0,Asset::set_path
FNDA:0,Asset::file_size
FNDA:0,Asset::file_type
FNDA:0,Asset::processing_status
FNDA:0,Asset::created_at
FNDA:0,Asset::updated_at
FNDA:0,Asset::metadata
FNDA:0,<impl From for Asset>::from
FNDA:0,<impl CsvRecordProducer for Asset>::csv_header
FNDA:0,<impl CsvRecordProducer for Asset>::as_csv_records
FNDA:0,<impl CsvRecordProducer for Asset>::csv_header_with_metadata
FNDA:0,<impl CsvRecordProducer for Asset>::as_csv_records_with_metadata
FNDA:0,<impl OutputFormatter for Asset>::format
FNDA:0,AssetList::empty
FNDA:0,AssetList::is_empty
FNDA:0,AssetList::len
FNDA:0,AssetList::insert
FNDA:0,AssetList::remove
FNDA:0,AssetList::get
FNDA:0,AssetList::find_by_name
FNDA:0,AssetList::find_by_path
FNDA:0,AssetList::get_all_assets
FNDA:0,AssetList::as_csv_records_with_metadata
FNDA:0,<impl Default for AssetList>::default
FNDA:0,<impl FromIterator for AssetList>::from_iter
FNDA:0,<impl From for AssetList>::from
FNDA:0,<impl CsvRecordProducer for AssetList>::csv_header
FNDA:0,<impl CsvRecordProducer for AssetList>::as_csv_records
FNDA:0,<impl OutputFormatter for AssetList>::format
FNDA:0,GeometricMatch::asset_uuid
FNDA:0,GeometricMatch::path
FNDA:0,GeometricMatch::score
FNDA:0,PartMatch::asset_uuid
FNDA:0,PartMatch::path
FNDA:0,PartMatch::forward_score
FNDA:0,PartMatch::reverse_score
FNDA:0,<impl CsvRecordProducer for PartSearchResponse>::csv_header
FNDA:0,<impl CsvRecordProducer for PartSearchResponse>::as_csv_records
FNDA:0,<impl CsvRecordProducer for EnhancedPartSearchResponse>::csv_header
FNDA:0,<impl CsvRecordProducer for EnhancedPartSearchResponse>::as_csv_records
FNDA:0,<impl OutputFormatter for EnhancedPartSearchResponse>::format
FNDA:0,EnhancedPartSearchResponse::format_with_metadata_flag
FNDA:0,PartMatchPair::from_reference_and_match
FNDA:0,<impl CsvRecordProducer for PartMatchPair>::csv_header
FNDA:0,<impl CsvRecordProducer for PartMatchPair>::as_csv_records
FNDA:0,<impl CsvRecordProducer for VisualMatchPair>::csv_header
FNDA:0,<impl CsvRecordProducer for VisualMatchPair>::as_csv_records
FNDA:0,<impl CsvRecordProducer for FolderGeometricMatch>::csv_header
FNDA:0,<impl CsvRecordProducer for FolderGeometricMatch>::as_csv_records
FNDA:0,<impl CsvRecordProducer for FolderGeometricMatchResponse>::csv_header
FNDA:0,<impl CsvRecordProducer for FolderGeometricMatchResponse>::as_csv_records
FNDA:0,<impl OutputFormatter for FolderGeometricMatchResponse>::format
FNDA:0,<impl CsvRecordProducer for GeometricSearchResponse>::csv_header
FNDA:0,<impl CsvRecordProducer for GeometricSearchResponse>::as_csv_records
FNDA:0,GeometricMatchPair::from_reference_and_match
FNDA:0,<impl CsvRecordProducer for GeometricMatchPair>::csv_header
FNDA:0,<impl CsvRecordProducer for GeometricMatchPair>::as_csv_records
FNDA:0,<impl OutputFormatter for GeometricMatchPair>::format
FNDA:0,<impl CsvRecordProducer for EnhancedGeometricSearchResponse>::csv_header
FNDA:0,<impl CsvRecordProducer for EnhancedGeometricSearchResponse>::as_csv_records
FNDA:0,<impl OutputFormatter for EnhancedGeometricSearchResponse>::format
FNDA:0,EnhancedGeometricSearchResponse::format_with_metadata_option
FNDA:0,<impl CsvRecordProducer for AssetDependenciesResponse>::csv_header
FNDA:0,<impl CsvRecordProducer for AssetDependenciesResponse>::as_csv_records
FNDA:0,<impl OutputFormatter for AssetDependenciesResponse>::format
DA:44,0
DA:45,0
DA:48,0
DA:50,0
DA:51,0
DA:52,0
DA:56,0
DA:59,0
DA:62,0
DA:63,0
DA:64,0
DA:66,0
DA:112,0
DA:121,0
DA:123,0
DA:124,0
DA:130,0
DA:131,0
DA:135,0
DA:136,0
DA:140,0
DA:141,0
DA:145,0
DA:146,0
DA:150,0
DA:151,0
DA:155,0
DA:156,0
DA:161,0
DA:163,0
DA:164,0
DA:165,0
DA:171,0
DA:173,0
DA:174,0
DA:175,0
DA:182,0
DA:183,0
DA:187,0
DA:188,0
DA:192,0
DA:193,0
DA:195,0
DA:196,0
DA:197,0
DA:202,0
DA:203,0
DA:205,0
DA:206,0
DA:207,0
DA:210,0
DA:211,0
DA:213,0
DA:228,0
DA:229,0
DA:230,0
DA:231,0
DA:232,0
DA:234,0
DA:237,0
DA:238,0
DA:255,0
DA:264,0
DA:265,0
DA:266,0
DA:270,0
DA:271,0
DA:272,0
DA:276,0
DA:277,0
DA:278,0
DA:286,0
DA:287,0
DA:288,0
DA:290,0
DA:291,0
DA:296,0
DA:297,0
DA:299,0
DA:300,0
DA:305,0
DA:306,0
DA:307,0
DA:310,0
DA:323,0
DA:325,0
DA:329,0
DA:331,0
DA:336,0
DA:337,0
DA:341,0
DA:342,0
DA:353,0
DA:354,0
DA:357,0
DA:358,0
DA:361,0
DA:362,0
DA:367,0
DA:368,0
DA:374,0
DA:375,0
DA:376,0
DA:377,0
DA:380,0
DA:388,0
DA:389,0
DA:397,0
DA:398,0
DA:406,0
DA:407,0
DA:412,0
DA:413,0
DA:414,0
DA:420,0
DA:421,0
DA:425,0
DA:426,0
DA:428,0
DA:429,0
DA:432,0
DA:447,0
DA:448,0
DA:449,0
DA:451,0
DA:452,0
DA:453,0
DA:454,0
DA:456,0
DA:458,0
DA:459,0
DA:460,0
DA:463,0
DA:464,0
DA:465,0
DA:466,0
DA:470,0
DA:471,0
DA:473,0
DA:474,0
DA:475,0
DA:476,0
DA:477,0
DA:481,0
DA:482,0
DA:484,0
DA:490,0
DA:491,0
DA:492,0
DA:493,0
DA:494,0
DA:495,0
DA:517,4
DA:518,4
DA:519,12
DA:520,12
DA:521,4
DA:527,0
DA:528,0
DA:529,0
DA:530,0
DA:531,0
DA:533,0
DA:535,0
DA:536,0
DA:537,0
DA:540,0
DA:542,0
DA:543,0
DA:544,0
DA:547,0
DA:549,0
DA:550,0
DA:554,0
DA:569,0
DA:571,0
DA:575,0
DA:577,0
DA:582,0
DA:583,0
DA:587,0
DA:588,0
DA:599,0
DA:600,0
DA:603,0
DA:604,0
DA:607,0
DA:608,0
DA:613,0
DA:614,0
DA:620,0
DA:621,0
DA:622,0
DA:623,0
DA:625,0
DA:634,0
DA:635,0
DA:644,0
DA:645,0
DA:654,0
DA:655,0
DA:660,0
DA:661,0
DA:663,0
DA:664,0
DA:665,0
DA:666,0
DA:669,0
DA:675,0
DA:676,0
DA:680,0
DA:681,0
DA:683,0
DA:699,0
DA:700,0
DA:701,0
DA:703,0
DA:704,0
DA:705,0
DA:706,0
DA:708,0
DA:710,0
DA:711,0
DA:712,0
DA:715,0
DA:716,0
DA:717,0
DA:718,0
DA:722,0
DA:723,0
DA:725,0
DA:726,0
DA:727,0
DA:728,0
DA:729,0
DA:733,0
DA:734,0
DA:736,0
DA:740,0
DA:741,0
DA:742,0
DA:744,0
DA:796,0
DA:797,0
DA:798,0
DA:810,0
DA:811,0
DA:812,0
DA:814,0
DA:852,0
DA:854,0
DA:855,0
DA:856,0
DA:857,0
DA:858,0
DA:937,0
DA:938,0
DA:947,0
DA:948,0
DA:949,0
DA:951,0
DA:952,0
DA:954,0
DA:982,0
DA:983,0
DA:984,0
DA:987,0
DA:988,0
DA:990,0
DA:1024,0
DA:1026,0
DA:1030,0
DA:1031,0
DA:1034,0
DA:1035,0
DA:1040,0
DA:1046,0
DA:1047,0
DA:1049,0
DA:1050,0
DA:1051,0
DA:1053,0
DA:1055,0
DA:1059,0
DA:1066,0
DA:1067,0
DA:1068,0
DA:1069,0
DA:1070,0
DA:1072,0
DA:1075,0
DA:1076,0
DA:1077,0
DA:1078,0
DA:1082,0
DA:1083,0
DA:1085,0
DA:1087,0
DA:1089,0
DA:1090,0
DA:1091,0
DA:1092,0
DA:1093,0
DA:1097,0
DA:1098,0
DA:1100,0
DA:1102,0
DA:1140,0
DA:1141,0
DA:1149,0
DA:1150,0
DA:1155,0
DA:1156,0
DA:1173,0
DA:1198,0
DA:1199,0
DA:1203,0
DA:1204,0
DA:1208,0
DA:1209,0
DA:1213,0
DA:1214,0
DA:1218,0
DA:1219,0
DA:1223,0
DA:1224,0
DA:1228,0
DA:1229,0
DA:1233,0
DA:1234,0
DA:1238,0
DA:1239,0
DA:1243,0
DA:1244,0
DA:1248,0
DA:1249,0
DA:1254,0
DA:1256,0
DA:1257,0
DA:1260,0
DA:1264,0
DA:1265,0
DA:1266,0
DA:1267,0
DA:1268,0
DA:1269,0
DA:1270,0
DA:1271,0
DA:1272,0
DA:1278,0
DA:1279,0
DA:1285,0
DA:1286,0
DA:1287,0
DA:1288,0
DA:1289,0
DA:1290,0
DA:1291,0
DA:1296,0
DA:1297,0
DA:1298,0
DA:1299,0
DA:1300,0
DA:1301,0
DA:1302,0
DA:1307,0
DA:1308,0
DA:1310,0
DA:1314,0
DA:1315,0
DA:1316,0
DA:1317,0
DA:1318,0
DA:1319,0
DA:1320,0
DA:1324,0
DA:1330,0
DA:1345,0
DA:1346,0
DA:1347,0
DA:1348,0
DA:1349,0
DA:1351,0
DA:1354,0
DA:1355,0
DA:1369,0
DA:1371,0
DA:1376,0
DA:1377,0
DA:1381,0
DA:1382,0
DA:1389,0
DA:1390,0
DA:1397,0
DA:1398,0
DA:1409,0
DA:1410,0
DA:1421,0
DA:1422,0
DA:1424,0
DA:1425,0
DA:1426,0
DA:1438,0
DA:1439,0
DA:1441,0
DA:1442,0
DA:1443,0
DA:1451,0
DA:1452,0
DA:1464,0
DA:1465,0
DA:1467,0
DA:1469,0
DA:1470,0
DA:1471,0
DA:1472,0
DA:1473,0
DA:1474,0
DA:1478,0
DA:1479,0
DA:1480,0
DA:1481,0
DA:1485,0
DA:1486,0
DA:1490,0
DA:1493,0
DA:1498,0
DA:1499,0
DA:1505,0
DA:1506,0
DA:1507,0
DA:1508,0
DA:1511,0
DA:1516,0
DA:1517,0
DA:1522,0
DA:1523,0
DA:1529,0
DA:1530,0
DA:1534,0
DA:1535,0
DA:1537,0
DA:1538,0
DA:1541,0
DA:1556,0
DA:1557,0
DA:1558,0
DA:1560,0
DA:1561,0
DA:1562,0
DA:1563,0
DA:1565,0
DA:1568,0
DA:1569,0
DA:1570,0
DA:1573,0
DA:1574,0
DA:1576,0
DA:1577,0
DA:1580,0
DA:1581,0
DA:1582,0
DA:1583,0
DA:1589,0
DA:1590,0
DA:1593,0
DA:1594,0
DA:1596,0
DA:1598,0
DA:1599,0
DA:1600,0
DA:1602,0
DA:1606,0
DA:1607,0
DA:1609,0
DA:1610,0
DA:1613,0
DA:1615,0
DA:1616,0
DA:1617,0
DA:1619,0
DA:1622,0
DA:1623,0
DA:1625,0
DA:1626,0
DA:1630,0
DA:1631,0
DA:1633,0
DA:1634,0
DA:1636,0
DA:1638,0
DA:1639,0
DA:1640,0
DA:1642,0
DA:1651,0
DA:1652,0
DA:1653,0
DA:1654,0
DA:1655,0
DA:1656,0
DA:1683,0
DA:1684,0
DA:1688,0
DA:1689,0
DA:1693,0
DA:1694,0
DA:1722,0
DA:1723,0
DA:1727,0
DA:1728,0
DA:1732,0
DA:1733,0
DA:1737,0
DA:1738,0
DA:1760,0
DA:1761,0
DA:1762,0
DA:1763,0
DA:1764,0
DA:1765,0
DA:1770,0
DA:1771,0
DA:1773,0
DA:1774,0
DA:1775,0
DA:1776,0
DA:1777,0
DA:1778,0
DA:1801,0
DA:1802,0
DA:1803,0
DA:1804,0
DA:1805,0
DA:1806,0
DA:1807,0
DA:1808,0
DA:1809,0
DA:1814,0
DA:1815,0
DA:1817,0
DA:1818,0
DA:1819,0
DA:1820,0
DA:1821,0
DA:1822,0
DA:1823,0
DA:1824,0
DA:1825,0
DA:1841,0
DA:1843,0
DA:1844,0
DA:1845,0
DA:1846,0
DA:1849,0
DA:1855,0
DA:1856,0
DA:1857,0
DA:1858,0
DA:1859,0
DA:1861,0
DA:1864,0
DA:1865,0
DA:1868,0
DA:1869,0
DA:1871,0
DA:1874,0
DA:1875,0
DA:1879,0
DA:1880,0
DA:1881,0
DA:1886,0
DA:1887,0
DA:1888,0
DA:1891,0
DA:1892,0
DA:1894,0
DA:1897,0
DA:1898,0
DA:1899,0
DA:1902,0
DA:1904,0
DA:1908,0
DA:1909,0
DA:1911,0
DA:1912,0
DA:1913,0
DA:1914,0
DA:1915,0
DA:1916,0
DA:1917,0
DA:1918,0
DA:1922,0
DA:1924,0
DA:1925,0
DA:1926,0
DA:1928,0
DA:1931,0
DA:1932,0
DA:1933,0
DA:1935,0
DA:1938,0
DA:1940,0
DA:1941,0
DA:1942,0
DA:1943,0
DA:1944,0
DA:1945,0
DA:1946,0
DA:1947,0
DA:1949,0
DA:1953,0
DA:1954,0
DA:1956,0
DA:2005,0
DA:2008,0
DA:2009,0
DA:2010,0
DA:2011,0
DA:2012,0
DA:2019,0
DA:2020,0
DA:2021,0
DA:2022,0
DA:2023,0
DA:2024,0
DA:2025,0
DA:2026,0
DA:2027,0
DA:2032,0
DA:2033,0
DA:2034,0
DA:2035,0
DA:2036,0
DA:2037,0
DA:2038,0
DA:2039,0
DA:2040,0
DA:2047,0
DA:2048,0
DA:2049,0
DA:2050,0
DA:2051,0
DA:2052,0
DA:2053,0
DA:2058,0
DA:2059,0
DA:2060,0
DA:2061,0
DA:2062,0
DA:2063,0
DA:2064,0
DA:2127,0
DA:2128,0
DA:2129,0
DA:2130,0
DA:2131,0
DA:2132,0
DA:2133,0
DA:2134,0
DA:2135,0
DA:2136,0
DA:2141,0
DA:2142,0
DA:2143,0
DA:2144,0
DA:2145,0
DA:2146,0
DA:2147,0
DA:2148,0
DA:2149,0
DA:2150,0
DA:2161,0
DA:2162,0
DA:2166,0
DA:2167,0
DA:2174,0
DA:2175,0
DA:2176,0
DA:2177,0
DA:2178,0
DA:2180,0
DA:2183,0
DA:2184,0
DA:2204,0
DA:2205,0
DA:2206,0
DA:2207,0
DA:2208,0
DA:2213,0
DA:2214,0
DA:2216,0
DA:2217,0
DA:2218,0
DA:2219,0
DA:2220,0
DA:2253,0
DA:2256,0
DA:2257,0
DA:2258,0
DA:2259,0
DA:2266,0
DA:2267,0
DA:2268,0
DA:2269,0
DA:2270,0
DA:2271,0
DA:2272,0
DA:2273,0
DA:2278,0
DA:2279,0
DA:2280,0
DA:2281,0
DA:2282,0
DA:2283,0
DA:2284,0
DA:2285,0
DA:2301,0
DA:2302,0
DA:2303,0
DA:2304,0
DA:2305,0
DA:2307,0
DA:2310,0
DA:2311,0
DA:2313,0
DA:2314,0
DA:2316,0
DA:2319,0
DA:2322,0
DA:2323,0
DA:2327,0
DA:2328,0
DA:2332,0
DA:2333,0
DA:2336,0
DA:2337,0
DA:2338,0
DA:2341,0
DA:2343,0
DA:2347,0
DA:2349,0
DA:2350,0
DA:2351,0
DA:2352,0
DA:2353,0
DA:2354,0
DA:2355,0
DA:2359,0
DA:2362,0
DA:2363,0
DA:2367,0
DA:2368,0
DA:2372,0
DA:2373,0
DA:2376,0
DA:2378,0
DA:2379,0
DA:2380,0
DA:2382,0
DA:2385,0
DA:2386,0
DA:2387,0
DA:2389,0
DA:2392,0
DA:2394,0
DA:2395,0
DA:2396,0
DA:2397,0
DA:2398,0
DA:2399,0
DA:2400,0
DA:2404,0
DA:2405,0
DA:2407,0
DA:2426,0
DA:2427,0
DA:2428,0
DA:2429,0
DA:2430,0
DA:2431,0
DA:2432,0
DA:2433,0
DA:2438,0
DA:2439,0
DA:2441,0
DA:2442,0
DA:2443,0
DA:2444,0
DA:2445,0
DA:2446,0
DA:2447,0
DA:2448,0
DA:2466,0
DA:2467,0
DA:2468,0
DA:2469,0
DA:2470,0
DA:2472,0
DA:2475,0
DA:2476,0
DA:2478,0
DA:2479,0
DA:2481,0
DA:2483,0
DA:2486,0
DA:2487,0
DA:2491,0
DA:2492,0
DA:2493,0
DA:2498,0
DA:2499,0
DA:2502,0
DA:2503,0
DA:2504,0
DA:2507,0
DA:2509,0
DA:2513,0
DA:2514,0
DA:2516,0
DA:2517,0
DA:2518,0
DA:2519,0
DA:2520,0
DA:2521,0
DA:2522,0
DA:2527,0
DA:2530,0
DA:2531,0
DA:2535,0
DA:2536,0
DA:2537,0
DA:2542,0
DA:2543,0
DA:2546,0
DA:2548,0
DA:2549,0
DA:2550,0
DA:2552,0
DA:2555,0
DA:2556,0
DA:2557,0
DA:2559,0
DA:2562,0
DA:2564,0
DA:2565,0
DA:2566,0
DA:2567,0
DA:2568,0
DA:2569,0
DA:2570,0
DA:2575,0
DA:2576,0
DA:2578,0
DA:2592,0
DA:2593,0
DA:2594,0
DA:2595,0
DA:2596,0
DA:2598,0
DA:2601,0
DA:2602,0
DA:2604,0
DA:2605,0
DA:2607,0
DA:2609,0
DA:2612,0
DA:2613,0
DA:2617,0
DA:2618,0
DA:2619,0
DA:2624,0
DA:2625,0
DA:2628,0
DA:2629,0
DA:2630,0
DA:2633,0
DA:2635,0
DA:2639,0
DA:2640,0
DA:2642,0
DA:2643,0
DA:2644,0
DA:2645,0
DA:2646,0
DA:2647,0
DA:2648,0
DA:2653,0
DA:2656,0
DA:2657,0
DA:2661,0
DA:2662,0
DA:2663,0
DA:2668,0
DA:2669,0
DA:2672,0
DA:2674,0
DA:2675,0
DA:2676,0
DA:2678,0
DA:2681,0
DA:2682,0
DA:2683,0
DA:2685,0
DA:2688,0
DA:2690,0
DA:2691,0
DA:2692,0
DA:2693,0
DA:2694,0
DA:2695,0
DA:2696,0
DA:2701,0
DA:2702,0
DA:2704,0
DA:2758,0
DA:2759,0
DA:2760,0
DA:2761,0
DA:2762,0
DA:2763,0
DA:2764,0
DA:2768,0
DA:2769,0
DA:2771,0
DA:2772,0
DA:2773,0
DA:2774,0
DA:2775,0
DA:2776,0
DA:2777,0
DA:2778,0
DA:2779,0
DA:2780,0
DA:2781,0
DA:2782,0
DA:2792,0
DA:2793,0
DA:2795,0
DA:2796,0
DA:2797,0
DA:2798,0
DA:2801,0
DA:2805,0
DA:2806,0
DA:2808,0
DA:2809,0
DA:2810,0
DA:2813,0
DA:2814,0
DA:2815,0
DA:2818,0
DA:2819,0
DA:2821,0
DA:2823,0
DA:2825,0
DA:2827,0
DA:2828,0
DA:2833,0
DA:2836,0
DA:2837,0
DA:2840,0
DA:2842,0
DA:2844,0
DA:2845,0
DA:2846,0
DA:2847,0
DA:2850,0
DA:2851,0
DA:2852,0
DA:2853,0
DA:2857,0
LF:971
LH:5
end_of_record
TN:
SF:/Users/julian/projects/physna/pcli2/src/param_utils.rs
FN:20,resolve_tenant_by_name
FN:36,get_format_parameter_value
FN:67,resolve_tenant_by_uuid
FN:84,get_tenant
FNF:4
FNDA:0,resolve_tenant_by_name
FNDA:8,get_format_parameter_value
FNDA:4,resolve_tenant_by_uuid
FNDA:4,get_tenant
DA:20,0
DA:24,0
DA:27,0
DA:30,0
DA:31,0
DA:32,0
DA:36,8
DA:38,4
DA:44,20
DA:46,16
DA:52,16
DA:54,16
DA:56,4
DA:57,4
DA:58,4
DA:59,4
DA:61,12
DA:64,16
DA:67,4
DA:71,4
DA:74,12
DA:77,20
DA:78,12
DA:79,0
DA:84,4
DA:89,8
DA:90,0
DA:91,0
DA:92,0
DA:95,8
DA:96,16
DA:97,4
DA:99,0
LF:33
LH:22
end_of_record
TN:
SF:/Users/julian/projects/physna/pcli2/src/physna_v3.rs
FN:120,<impl TryDefault for PhysnaApiClient>::try_default
FN:174,PhysnaApiClient::new
FN:193,PhysnaApiClient::new_with_configuration
FN:212,PhysnaApiClient::with_base_url
FN:224,PhysnaApiClient::with_access_token
FN:237,PhysnaApiClient::with_client_credentials
FN:250,PhysnaApiClient::refresh_token
FN:296,PhysnaApiClient::get_access_token
FN:319,PhysnaApiClient::execute_request
FN:402,PhysnaApiClient::get
FN:410,PhysnaApiClient::post
FN:431,PhysnaApiClient::put
FN:441,PhysnaApiClient::patch
FN:450,PhysnaApiClient::delete
FN:505,PhysnaApiClient::get_current_user
FN:519,PhysnaApiClient::list_tenants
FN:537,PhysnaApiClient::list_folders
FN:595,PhysnaApiClient::list_folders_in_parent
FN:624,PhysnaApiClient::get_folder
FN:647,PhysnaApiClient::create_folder
FN:664,PhysnaApiClient::update_folder
FN:688,PhysnaApiClient::delete_folder
FN:710,PhysnaApiClient::list_assets_by_parent_folder_uuid
FN:745,PhysnaApiClient::list_assets_by_parent_folder_uuid_with_pagination
FN:782,PhysnaApiClient::get_folder_uuid_by_path
FN:833,PhysnaApiClient::get_root_contents
FN:853,PhysnaApiClient::get_folder_contents
FN:880,PhysnaApiClient::resolve_folder_uuid_by_path
FN:900,PhysnaApiClient::list_assets_by_parent_folder_path
FN:922,PhysnaApiClient::list_all_contents_by_parent_folder_path
FN:938,PhysnaApiClient::get_parent_folder_path
FN:959,PhysnaApiClient::asset_name_from_path
FN:975,PhysnaApiClient::get_asset_by_uuid
FN:983,PhysnaApiClient::get_asset_by_path
FN:1004,PhysnaApiClient::delete_asset
FN:1019,PhysnaApiClient::update_asset
FN:1039,PhysnaApiClient::update_asset_metadata
FN:1062,PhysnaApiClient::update_asset_metadata_with_registration
FN:1113,PhysnaApiClient::delete_asset_metadata
FN:1132,PhysnaApiClient::create_metadata_field
FN:1159,PhysnaApiClient::patch_no_response
FN:1181,PhysnaApiClient::delete_with_body
FN:1202,PhysnaApiClient::execute_request_no_response
FN:1271,PhysnaApiClient::get_metadata_fields
FN:1313,PhysnaApiClient::create_asset
FN:1510,PhysnaApiClient::geometric_search
FN:1617,PhysnaApiClient::part_search
FN:1735,PhysnaApiClient::visual_search
FN:1796,PhysnaApiClient::create_assets_batch
FN:1917,PhysnaApiClient::get_asset_dependencies
FN:1947,PhysnaApiClient::get_asset_dependencies_by_path
FN:1977,PhysnaApiClient::download_asset
FN:2030,<impl Default for PhysnaApiClient>::default
FNF:53
FNDA:4,<impl TryDefault for PhysnaApiClient>::try_default
FNDA:1,PhysnaApiClient::new
FNDA:4,PhysnaApiClient::new_with_configuration
FNDA:0,PhysnaApiClient::with_base_url
FNDA:4,PhysnaApiClient::with_access_token
FNDA:4,PhysnaApiClient::with_client_credentials
FNDA:0,PhysnaApiClient::refresh_token
FNDA:0,PhysnaApiClient::get_access_token
FNDA:0,PhysnaApiClient::execute_request
FNDA:0,PhysnaApiClient::get
FNDA:0,PhysnaApiClient::post
FNDA:0,PhysnaApiClient::put
FNDA:0,PhysnaApiClient::patch
FNDA:0,PhysnaApiClient::delete
FNDA:0,PhysnaApiClient::get_current_user
FNDA:0,PhysnaApiClient::list_tenants
FNDA:0,PhysnaApiClient::list_folders
FNDA:0,PhysnaApiClient::list_folders_in_parent
FNDA:0,PhysnaApiClient::get_folder
FNDA:0,PhysnaApiClient::create_folder
FNDA:0,PhysnaApiClient::update_folder
FNDA:0,PhysnaApiClient::delete_folder
FNDA:0,PhysnaApiClient::list_assets_by_parent_folder_uuid
FNDA:0,PhysnaApiClient::list_assets_by_parent_folder_uuid_with_pagination
FNDA:0,PhysnaApiClient::get_folder_uuid_by_path
FNDA:0,PhysnaApiClient::get_root_contents
FNDA:0,PhysnaApiClient::get_folder_contents
FNDA:0,PhysnaApiClient::resolve_folder_uuid_by_path
FNDA:0,PhysnaApiClient::list_assets_by_parent_folder_path
FNDA:0,PhysnaApiClient::list_all_contents_by_parent_folder_path
FNDA:0,PhysnaApiClient::get_parent_folder_path
FNDA:0,PhysnaApiClient::asset_name_from_path
FNDA:0,PhysnaApiClient::get_asset_by_uuid
FNDA:0,PhysnaApiClient::get_asset_by_path
FNDA:0,PhysnaApiClient::delete_asset
FNDA:0,PhysnaApiClient::update_asset
FNDA:0,PhysnaApiClient::update_asset_metadata
FNDA:0,PhysnaApiClient::update_asset_metadata_with_registration
FNDA:0,PhysnaApiClient::delete_asset_metadata
FNDA:0,PhysnaApiClient::create_metadata_field
FNDA:0,PhysnaApiClient::patch_no_response
FNDA:0,PhysnaApiClient::delete_with_body
FNDA:0,PhysnaApiClient::execute_request_no_response
FNDA:0,PhysnaApiClient::get_metadata_fields
FNDA:0,PhysnaApiClient::create_asset
FNDA:0,PhysnaApiClient::geometric_search
FNDA:0,PhysnaApiClient::part_search
FNDA:0,PhysnaApiClient::visual_search
FNDA:0,PhysnaApiClient::create_assets_batch
FNDA:0,PhysnaApiClient::get_asset_dependencies
FNDA:0,PhysnaApiClient::get_asset_dependencies_by_path
FNDA:0,PhysnaApiClient::download_asset
FNDA:0,<impl Default for PhysnaApiClient>::default
DA:120,4
DA:122,8
DA:123,4
DA:126,16
DA:129,8
DA:131,24
DA:133,4
DA:134,4
DA:135,20
DA:138,16
DA:139,20
DA:140,4
DA:142,0
DA:146,0
DA:174,1
DA:176,3
DA:179,2
DA:193,4
DA:195,12
DA:198,8
DA:212,0
DA:213,0
DA:214,0
DA:224,4
DA:225,8
DA:226,4
DA:237,4
DA:238,8
DA:239,4
DA:250,0
DA:252,0
DA:253,0
DA:256,0
DA:259,0
DA:260,0
DA:261,0
DA:263,0
DA:264,0
DA:266,0
DA:268,0
DA:269,0
DA:270,0
DA:271,0
DA:272,0
DA:273,0
DA:274,0
DA:275,0
DA:276,0
DA:278,0
DA:280,0
DA:285,0
DA:296,0
DA:297,0
DA:319,0
DA:325,0
DA:328,0
DA:329,0
DA:332,0
DA:338,0
DA:339,0
DA:342,0
DA:345,0
DA:346,0
DA:349,0
DA:350,0
DA:353,0
DA:356,0
DA:358,0
DA:359,0
DA:360,0
DA:363,0
DA:364,0
DA:365,0
DA:366,0
DA:367,0
DA:372,0
DA:373,0
DA:374,0
DA:375,0
DA:376,0
DA:377,0
DA:378,0
DA:381,0
DA:383,0
DA:384,0
DA:385,0
DA:388,0
DA:389,0
DA:390,0
DA:391,0
DA:392,0
DA:397,0
DA:402,0
DA:406,0
DA:410,0
DA:416,0
DA:417,0
DA:419,0
DA:422,0
DA:423,0
DA:424,0
DA:427,0
DA:431,0
DA:436,0
DA:441,0
DA:446,0
DA:450,0
DA:453,0
DA:456,0
DA:457,0
DA:460,0
DA:463,0
DA:464,0
DA:465,0
DA:468,0
DA:471,0
DA:472,0
DA:474,0
DA:475,0
DA:478,0
DA:480,0
DA:481,0
DA:483,0
DA:484,0
DA:485,0
DA:486,0
DA:489,0
DA:490,0
DA:492,0
DA:505,0
DA:506,0
DA:507,0
DA:519,0
DA:520,0
DA:521,0
DA:537,0
DA:538,0
DA:541,0
DA:542,0
DA:545,0
DA:546,0
DA:547,0
DA:551,0
DA:554,0
DA:595,0
DA:596,0
DA:599,0
DA:600,0
DA:601,0
DA:605,0
DA:606,0
DA:608,0
DA:609,0
DA:612,0
DA:613,0
DA:615,0
DA:616,0
DA:624,0
DA:625,0
DA:627,0
DA:628,0
DA:629,0
DA:630,0
DA:631,0
DA:647,0
DA:648,0
DA:651,0
DA:652,0
DA:656,0
DA:657,0
DA:661,0
DA:664,0
DA:665,0
DA:667,0
DA:668,0
DA:672,0
DA:673,0
DA:688,0
DA:689,0
DA:690,0
DA:710,0
DA:711,0
DA:712,0
DA:713,0
DA:716,0
DA:717,0
DA:718,0
DA:720,0
DA:721,0
DA:722,0
DA:726,0
DA:745,0
DA:746,0
DA:747,0
DA:748,0
DA:752,0
DA:755,0
DA:756,0
DA:758,0
DA:759,0
DA:762,0
DA:763,0
DA:765,0
DA:766,0
DA:782,0
DA:783,0
DA:786,0
DA:787,0
DA:790,0
DA:791,0
DA:792,0
DA:794,0
DA:795,0
DA:798,0
DA:799,0
DA:800,0
DA:833,0
DA:836,0
DA:853,0
DA:854,0
DA:855,0
DA:856,0
DA:860,0
DA:863,0
DA:864,0
DA:866,0
DA:867,0
DA:870,0
DA:871,0
DA:873,0
DA:874,0
DA:876,0
DA:880,0
DA:881,0
DA:882,0
DA:884,0
DA:900,0
DA:901,0
DA:903,0
DA:906,0
DA:907,0
DA:922,0
DA:923,0
DA:925,0
DA:928,0
DA:929,0
DA:932,0
DA:933,0
DA:935,0
DA:938,0
DA:939,0
DA:940,0
DA:941,0
DA:944,0
DA:945,0
DA:948,0
DA:949,0
DA:950,0
DA:951,0
DA:953,0
DA:956,0
DA:959,0
DA:960,0
DA:962,0
DA:963,0
DA:975,0
DA:976,0
DA:977,0
DA:978,0
DA:979,0
DA:980,0
DA:983,0
DA:985,0
DA:986,0
DA:987,0
DA:988,0
DA:989,0
DA:991,0
DA:1004,0
DA:1005,0
DA:1006,0
DA:1019,0
DA:1020,0
DA:1022,0
DA:1023,0
DA:1026,0
DA:1039,0
DA:1040,0
DA:1042,0
DA:1043,0
DA:1047,0
DA:1049,0
DA:1062,0
DA:1064,0
DA:1066,0
DA:1067,0
DA:1068,0
DA:1069,0
DA:1074,0
DA:1075,0
DA:1077,0
DA:1080,0
DA:1081,0
DA:1082,0
DA:1083,0
DA:1091,0
DA:1113,0
DA:1114,0
DA:1117,0
DA:1118,0
DA:1122,0
DA:1124,0
DA:1132,0
DA:1133,0
DA:1135,0
DA:1136,0
DA:1137,0
DA:1138,0
DA:1141,0
DA:1159,0
DA:1163,0
DA:1181,0
DA:1185,0
DA:1202,0
DA:1207,0
DA:1210,0
DA:1211,0
DA:1214,0
DA:1220,0
DA:1221,0
DA:1224,0
DA:1227,0
DA:1228,0
DA:1231,0
DA:1232,0
DA:1235,0
DA:1238,0
DA:1240,0
DA:1243,0
DA:1244,0
DA:1245,0
DA:1246,0
DA:1247,0
DA:1248,0
DA:1249,0
DA:1252,0
DA:1254,0
DA:1257,0
DA:1271,0
DA:1272,0
DA:1274,0
DA:1313,0
DA:1315,0
DA:1317,0
DA:1319,0
DA:1320,0
DA:1323,0
DA:1326,0
DA:1327,0
DA:1332,0
DA:1333,0
DA:1336,0
DA:1337,0
DA:1338,0
DA:1343,0
DA:1345,0
DA:1348,0
DA:1349,0
DA:1352,0
DA:1353,0
DA:1356,0
DA:1359,0
DA:1360,0
DA:1361,0
DA:1364,0
DA:1367,0
DA:1368,0
DA:1369,0
DA:1372,0
DA:1373,0
DA:1374,0
DA:1379,0
DA:1381,0
DA:1384,0
DA:1385,0
DA:1386,0
DA:1388,0
DA:1389,0
DA:1392,0
DA:1394,0
DA:1396,0
DA:1397,0
DA:1400,0
DA:1401,0
DA:1404,0
DA:1405,0
DA:1406,0
DA:1407,0
DA:1408,0
DA:1415,0
DA:1416,0
DA:1418,0
DA:1421,0
DA:1424,0
DA:1427,0
DA:1428,0
DA:1429,0
DA:1430,0
DA:1435,0
DA:1437,0
DA:1438,0
DA:1441,0
DA:1442,0
DA:1445,0
DA:1446,0
DA:1447,0
DA:1448,0
DA:1449,0
DA:1456,0
DA:1457,0
DA:1459,0
DA:1462,0
DA:1465,0
DA:1468,0
DA:1510,0
DA:1511,0
DA:1512,0
DA:1515,0
DA:1516,0
DA:1517,0
DA:1520,0
DA:1523,0
DA:1524,0
DA:1525,0
DA:1526,0
DA:1527,0
DA:1528,0
DA:1529,0
DA:1530,0
DA:1532,0
DA:1535,0
DA:1537,0
DA:1539,0
DA:1540,0
DA:1542,0
DA:1543,0
DA:1546,0
DA:1549,0
DA:1550,0
DA:1551,0
DA:1555,0
DA:1558,0
DA:1559,0
DA:1562,0
DA:1564,0
DA:1565,0
DA:1577,0
DA:1578,0
DA:1617,0
DA:1618,0
DA:1619,0
DA:1622,0
DA:1623,0
DA:1624,0
DA:1627,0
DA:1628,0
DA:1631,0
DA:1634,0
DA:1635,0
DA:1636,0
DA:1640,0
DA:1641,0
DA:1642,0
DA:1643,0
DA:1644,0
DA:1645,0
DA:1646,0
DA:1647,0
DA:1649,0
DA:1652,0
DA:1654,0
DA:1656,0
DA:1657,0
DA:1659,0
DA:1660,0
DA:1663,0
DA:1664,0
DA:1668,0
DA:1671,0
DA:1672,0
DA:1674,0
DA:1678,0
DA:1681,0
DA:1682,0
DA:1685,0
DA:1687,0
DA:1688,0
DA:1700,0
DA:1701,0
DA:1735,0
DA:1736,0
DA:1737,0
DA:1740,0
DA:1741,0
DA:1744,0
DA:1745,0
DA:1746,0
DA:1747,0
DA:1748,0
DA:1749,0
DA:1750,0
DA:1751,0
DA:1755,0
DA:1757,0
DA:1759,0
DA:1760,0
DA:1762,0
DA:1763,0
DA:1767,0
DA:1769,0
DA:1770,0
DA:1772,0
DA:1774,0
DA:1775,0
DA:1796,0
DA:1805,0
DA:1808,0
DA:1809,0
DA:1812,0
DA:1815,0
DA:1816,0
DA:1817,0
DA:1818,0
DA:1819,0
DA:1820,0
DA:1821,0
DA:1823,0
DA:1827,0
DA:1828,0
DA:1829,0
DA:1830,0
DA:1832,0
DA:1834,0
DA:1835,0
DA:1836,0
DA:1838,0
DA:1839,0
DA:1840,0
DA:1841,0
DA:1842,0
DA:1843,0
DA:1844,0
DA:1846,0
DA:1847,0
DA:1848,0
DA:1850,0
DA:1851,0
DA:1852,0
DA:1858,0
DA:1859,0
DA:1860,0
DA:1862,0
DA:1863,0
DA:1867,0
DA:1868,0
DA:1869,0
DA:1872,0
DA:1873,0
DA:1874,0
DA:1875,0
DA:1876,0
DA:1878,0
DA:1879,0
DA:1884,0
DA:1887,0
DA:1889,0
DA:1894,0
DA:1895,0
DA:1898,0
DA:1917,0
DA:1918,0
DA:1920,0
DA:1921,0
DA:1922,0
DA:1925,0
DA:1926,0
DA:1928,0
DA:1947,0
DA:1948,0
DA:1951,0
DA:1953,0
DA:1954,0
DA:1957,0
DA:1958,0
DA:1960,0
DA:1977,0
DA:1978,0
DA:1980,0
DA:1981,0
DA:1984,0
DA:1985,0
DA:1986,0
DA:1987,0
DA:1989,0
DA:1990,0
DA:1991,0
DA:1992,0
DA:1996,0
DA:1997,0
DA:1999,0
DA:2001,0
DA:2004,0
DA:2007,0
DA:2010,0
DA:2016,0
DA:2018,0
DA:2019,0
DA:2020,0
DA:2021,0
DA:2024,0
DA:2025,0
DA:2030,0
DA:2031,0
LF:623
LH:24
end_of_record
TN:
SF:/Users/julian/projects/physna/pcli2/src/tenant_cache.rs
FN:24,TenantCache::new
FN:35,TenantCache::is_expired
FN:53,TenantCache::get_cache_file_path
FN:74,TenantCache::load
FN:94,TenantCache::save
FN:121,TenantCache::get_all_tenants
FN:170,TenantCache::get_cached_tenants
FN:181,TenantCache::invalidate_all
FN:192,<impl Default for TenantCache>::default
FNF:9
FNDA:3,TenantCache::new
FNDA:5,TenantCache::is_expired
FNDA:4,TenantCache::get_cache_file_path
FNDA:4,TenantCache::load
FNDA:0,TenantCache::save
FNDA:4,TenantCache::get_all_tenants
FNDA:0,TenantCache::get_cached_tenants
FNDA:0,TenantCache::invalidate_all
FNDA:0,<impl Default for TenantCache>::default
DA:24,3
DA:26,6
DA:27,6
DA:35,5
DA:36,10
DA:37,15
DA:38,5
DA:42,5
DA:44,0
DA:53,4
DA:55,4
DA:56,0
DA:57,0
DA:58,0
DA:61,12
DA:62,0
DA:64,8
DA:65,8
DA:66,4
DA:74,4
DA:75,8
DA:77,4
DA:78,0
DA:79,0
DA:82,12
DA:83,16
DA:85,4
DA:86,4
DA:94,0
DA:95,0
DA:98,0
DA:99,0
DA:103,0
DA:104,0
DA:107,0
DA:108,0
DA:109,0
DA:110,0
DA:121,4
DA:125,4
DA:126,0
DA:127,0
DA:129,0
DA:130,0
DA:131,0
DA:132,0
DA:133,0
DA:134,0
DA:135,0
DA:136,0
DA:138,0
DA:141,12
DA:144,8
DA:145,4
DA:146,4
DA:149,0
DA:150,0
DA:153,0
DA:154,0
DA:155,0
DA:156,0
DA:157,0
DA:158,0
DA:159,0
DA:162,0
DA:170,0
DA:171,0
DA:172,0
DA:174,0
DA:181,0
DA:182,0
DA:183,0
DA:184,0
DA:185,0
DA:187,0
DA:192,0
DA:193,0
LF:77
LH:27
end_of_record
